{"C:\\Nodejs\\TTWebapp\\src\\index.js": {"path":"C:\\Nodejs\\TTWebapp\\src\\index.js","statementMap":{"0":{"start":{"line":1,"column":16},"end":{"line":1,"column":34}},"1":{"start":{"line":3,"column":12},"end":{"line":3,"column":21}},"2":{"start":{"line":4,"column":13},"end":{"line":4,"column":17}},"3":{"start":{"line":5,"column":15},"end":{"line":5,"column":32}},"4":{"start":{"line":7,"column":0},"end":{"line":7,"column":16}},"5":{"start":{"line":8,"column":17},"end":{"line":8,"column":36}},"6":{"start":{"line":10,"column":0},"end":{"line":10,"column":63}},"7":{"start":{"line":11,"column":0},"end":{"line":11,"column":53}},"8":{"start":{"line":12,"column":0},"end":{"line":12,"column":49}},"9":{"start":{"line":15,"column":0},"end":{"line":15,"column":78}},"10":{"start":{"line":15,"column":23},"end":{"line":15,"column":76}}},"fnMap":{"0":{"name":"(anonymous_0)","decl":{"start":{"line":15,"column":17},"end":{"line":15,"column":18}},"loc":{"start":{"line":15,"column":23},"end":{"line":15,"column":76}},"line":15}},"branchMap":{},"s":{"0":0,"1":0,"2":0,"3":0,"4":0,"5":0,"6":0,"7":0,"8":0,"9":0,"10":0},"f":{"0":0},"b":{}}
,"C:\\Nodejs\\TTWebapp\\src\\BLL\\OrderBusiness.js": {"path":"C:\\Nodejs\\TTWebapp\\src\\BLL\\OrderBusiness.js","statementMap":{"0":{"start":{"line":3,"column":11},"end":{"line":3,"column":35}},"1":{"start":{"line":4,"column":15},"end":{"line":4,"column":34}},"2":{"start":{"line":6,"column":15},"end":{"line":23,"column":1}},"3":{"start":{"line":26,"column":2},"end":{"line":28,"column":3}},"4":{"start":{"line":27,"column":4},"end":{"line":27,"column":68}},"5":{"start":{"line":27,"column":37},"end":{"line":27,"column":66}},"6":{"start":{"line":29,"column":2},"end":{"line":29,"column":14}},"7":{"start":{"line":32,"column":22},"end":{"line":105,"column":1}},"8":{"start":{"line":34,"column":4},"end":{"line":34,"column":33}},"9":{"start":{"line":34,"column":19},"end":{"line":34,"column":31}},"10":{"start":{"line":35,"column":4},"end":{"line":55,"column":9}},"11":{"start":{"line":44,"column":23},"end":{"line":53,"column":10}},"12":{"start":{"line":45,"column":24},"end":{"line":45,"column":31}},"13":{"start":{"line":52,"column":10},"end":{"line":52,"column":41}},"14":{"start":{"line":54,"column":8},"end":{"line":54,"column":22}},"15":{"start":{"line":58,"column":18},"end":{"line":65,"column":21}},"16":{"start":{"line":66,"column":4},"end":{"line":103,"column":7}},"17":{"start":{"line":70,"column":27},"end":{"line":70,"column":34}},"18":{"start":{"line":71,"column":19},"end":{"line":71,"column":23}},"19":{"start":{"line":72,"column":6},"end":{"line":101,"column":7}},"20":{"start":{"line":85,"column":8},"end":{"line":85,"column":42}},"21":{"start":{"line":86,"column":8},"end":{"line":86,"column":96}},"22":{"start":{"line":87,"column":8},"end":{"line":87,"column":51}},"23":{"start":{"line":88,"column":8},"end":{"line":100,"column":9}},"24":{"start":{"line":88,"column":21},"end":{"line":88,"column":22}},"25":{"start":{"line":99,"column":10},"end":{"line":99,"column":72}},"26":{"start":{"line":102,"column":6},"end":{"line":102,"column":20}},"27":{"start":{"line":107,"column":0},"end":{"line":107,"column":31}}},"fnMap":{"0":{"name":"GetOrderStatusDescription","decl":{"start":{"line":25,"column":9},"end":{"line":25,"column":34}},"loc":{"start":{"line":25,"column":42},"end":{"line":30,"column":1}},"line":25},"1":{"name":"(anonymous_1)","decl":{"start":{"line":33,"column":2},"end":{"line":33,"column":3}},"loc":{"start":{"line":33,"column":68},"end":{"line":56,"column":3}},"line":33},"2":{"name":"(anonymous_2)","decl":{"start":{"line":43,"column":14},"end":{"line":43,"column":15}},"loc":{"start":{"line":43,"column":24},"end":{"line":55,"column":7}},"line":43},"3":{"name":"(anonymous_3)","decl":{"start":{"line":44,"column":32},"end":{"line":44,"column":33}},"loc":{"start":{"line":44,"column":39},"end":{"line":53,"column":9}},"line":44},"4":{"name":"(anonymous_4)","decl":{"start":{"line":57,"column":2},"end":{"line":57,"column":3}},"loc":{"start":{"line":57,"column":31},"end":{"line":104,"column":3}},"line":57},"5":{"name":"(anonymous_5)","decl":{"start":{"line":69,"column":12},"end":{"line":69,"column":13}},"loc":{"start":{"line":69,"column":22},"end":{"line":103,"column":5}},"line":69}},"branchMap":{"0":{"loc":{"start":{"line":27,"column":4},"end":{"line":27,"column":68}},"type":"if","locations":[{"start":{"line":27,"column":4},"end":{"line":27,"column":68}},{"start":{"line":27,"column":4},"end":{"line":27,"column":68}}],"line":27},"1":{"loc":{"start":{"line":34,"column":4},"end":{"line":34,"column":33}},"type":"if","locations":[{"start":{"line":34,"column":4},"end":{"line":34,"column":33}},{"start":{"line":34,"column":4},"end":{"line":34,"column":33}}],"line":34},"2":{"loc":{"start":{"line":42,"column":17},"end":{"line":42,"column":37}},"type":"binary-expr","locations":[{"start":{"line":42,"column":17},"end":{"line":42,"column":24}},{"start":{"line":42,"column":28},"end":{"line":42,"column":37}}],"line":42},"3":{"loc":{"start":{"line":42,"column":39},"end":{"line":42,"column":62}},"type":"cond-expr","locations":[{"start":{"line":42,"column":48},"end":{"line":42,"column":54}},{"start":{"line":42,"column":57},"end":{"line":42,"column":62}}],"line":42},"4":{"loc":{"start":{"line":72,"column":6},"end":{"line":101,"column":7}},"type":"if","locations":[{"start":{"line":72,"column":6},"end":{"line":101,"column":7}},{"start":{"line":72,"column":6},"end":{"line":101,"column":7}}],"line":72}},"s":{"0":4,"1":4,"2":4,"3":1,"4":2,"5":1,"6":0,"7":4,"8":4,"9":1,"10":3,"11":3,"12":7,"13":7,"14":3,"15":2,"16":2,"17":2,"18":2,"19":2,"20":1,"21":1,"22":1,"23":1,"24":1,"25":2,"26":2,"27":4},"f":{"0":1,"1":4,"2":3,"3":7,"4":2,"5":2},"b":{"0":[1,1],"1":[1,3],"2":[3,1],"3":[1,2],"4":[1,1]},"_coverageSchema":"1a1c01bbd47fc00a2c39e90264f33305004495a9","hash":"ba528e9077351c2508e7dbc540eb460a061c01fa"}
,"C:\\Nodejs\\TTWebapp\\src\\BLL\\ProductBusiness.js": {"path":"C:\\Nodejs\\TTWebapp\\src\\BLL\\ProductBusiness.js","statementMap":{"0":{"start":{"line":1,"column":11},"end":{"line":1,"column":35}},"1":{"start":{"line":2,"column":15},"end":{"line":2,"column":34}},"2":{"start":{"line":4,"column":24},"end":{"line":246,"column":1}},"3":{"start":{"line":6,"column":4},"end":{"line":6,"column":37}},"4":{"start":{"line":6,"column":23},"end":{"line":6,"column":35}},"5":{"start":{"line":7,"column":4},"end":{"line":43,"column":7}},"6":{"start":{"line":8,"column":6},"end":{"line":42,"column":33}},"7":{"start":{"line":27,"column":27},"end":{"line":40,"column":12}},"8":{"start":{"line":28,"column":28},"end":{"line":28,"column":35}},"9":{"start":{"line":39,"column":12},"end":{"line":39,"column":47}},"10":{"start":{"line":41,"column":10},"end":{"line":41,"column":28}},"11":{"start":{"line":42,"column":20},"end":{"line":42,"column":31}},"12":{"start":{"line":46,"column":4},"end":{"line":46,"column":30}},"13":{"start":{"line":46,"column":21},"end":{"line":46,"column":30}},"14":{"start":{"line":47,"column":4},"end":{"line":51,"column":28}},"15":{"start":{"line":51,"column":22},"end":{"line":51,"column":26}},"16":{"start":{"line":54,"column":4},"end":{"line":94,"column":7}},"17":{"start":{"line":55,"column":6},"end":{"line":93,"column":33}},"18":{"start":{"line":70,"column":35},"end":{"line":70,"column":37}},"19":{"start":{"line":71,"column":10},"end":{"line":90,"column":11}},"20":{"start":{"line":71,"column":23},"end":{"line":71,"column":24}},"21":{"start":{"line":72,"column":29},"end":{"line":72,"column":42}},"22":{"start":{"line":73,"column":12},"end":{"line":89,"column":13}},"23":{"start":{"line":80,"column":14},"end":{"line":80,"column":67}},"24":{"start":{"line":81,"column":19},"end":{"line":89,"column":13}},"25":{"start":{"line":82,"column":37},"end":{"line":82,"column":93}},"26":{"start":{"line":82,"column":66},"end":{"line":82,"column":92}},"27":{"start":{"line":83,"column":14},"end":{"line":83,"column":65}},"28":{"start":{"line":88,"column":14},"end":{"line":88,"column":79}},"29":{"start":{"line":92,"column":10},"end":{"line":92,"column":36}},"30":{"start":{"line":93,"column":20},"end":{"line":93,"column":31}},"31":{"start":{"line":97,"column":4},"end":{"line":126,"column":7}},"32":{"start":{"line":98,"column":6},"end":{"line":125,"column":33}},"33":{"start":{"line":114,"column":25},"end":{"line":123,"column":12}},"34":{"start":{"line":115,"column":26},"end":{"line":115,"column":33}},"35":{"start":{"line":122,"column":12},"end":{"line":122,"column":43}},"36":{"start":{"line":124,"column":10},"end":{"line":124,"column":26}},"37":{"start":{"line":125,"column":20},"end":{"line":125,"column":31}},"38":{"start":{"line":129,"column":23},"end":{"line":144,"column":8}},"39":{"start":{"line":145,"column":30},"end":{"line":154,"column":8}},"40":{"start":{"line":155,"column":4},"end":{"line":160,"column":9}},"41":{"start":{"line":157,"column":24},"end":{"line":157,"column":37}},"42":{"start":{"line":158,"column":24},"end":{"line":158,"column":77}},"43":{"start":{"line":158,"column":43},"end":{"line":158,"column":76}},"44":{"start":{"line":159,"column":8},"end":{"line":159,"column":52}},"45":{"start":{"line":174,"column":4},"end":{"line":197,"column":7}},"46":{"start":{"line":175,"column":6},"end":{"line":196,"column":33}},"47":{"start":{"line":181,"column":27},"end":{"line":194,"column":12}},"48":{"start":{"line":182,"column":28},"end":{"line":182,"column":35}},"49":{"start":{"line":193,"column":12},"end":{"line":193,"column":47}},"50":{"start":{"line":195,"column":10},"end":{"line":195,"column":28}},"51":{"start":{"line":196,"column":20},"end":{"line":196,"column":31}},"52":{"start":{"line":200,"column":4},"end":{"line":244,"column":9}},"53":{"start":{"line":229,"column":25},"end":{"line":242,"column":10}},"54":{"start":{"line":230,"column":26},"end":{"line":230,"column":33}},"55":{"start":{"line":241,"column":10},"end":{"line":241,"column":45}},"56":{"start":{"line":243,"column":8},"end":{"line":243,"column":24}},"57":{"start":{"line":248,"column":0},"end":{"line":248,"column":33}}},"fnMap":{"0":{"name":"(anonymous_0)","decl":{"start":{"line":5,"column":2},"end":{"line":5,"column":3}},"loc":{"start":{"line":5,"column":78},"end":{"line":44,"column":3}},"line":5},"1":{"name":"(anonymous_1)","decl":{"start":{"line":7,"column":23},"end":{"line":7,"column":24}},"loc":{"start":{"line":7,"column":44},"end":{"line":43,"column":5}},"line":7},"2":{"name":"(anonymous_2)","decl":{"start":{"line":26,"column":16},"end":{"line":26,"column":17}},"loc":{"start":{"line":26,"column":26},"end":{"line":42,"column":9}},"line":26},"3":{"name":"(anonymous_3)","decl":{"start":{"line":27,"column":36},"end":{"line":27,"column":37}},"loc":{"start":{"line":27,"column":43},"end":{"line":40,"column":11}},"line":27},"4":{"name":"(anonymous_4)","decl":{"start":{"line":42,"column":11},"end":{"line":42,"column":12}},"loc":{"start":{"line":42,"column":20},"end":{"line":42,"column":31}},"line":42},"5":{"name":"(anonymous_5)","decl":{"start":{"line":45,"column":2},"end":{"line":45,"column":3}},"loc":{"start":{"line":45,"column":46},"end":{"line":52,"column":3}},"line":45},"6":{"name":"(anonymous_6)","decl":{"start":{"line":51,"column":12},"end":{"line":51,"column":13}},"loc":{"start":{"line":51,"column":22},"end":{"line":51,"column":26}},"line":51},"7":{"name":"(anonymous_7)","decl":{"start":{"line":53,"column":2},"end":{"line":53,"column":3}},"loc":{"start":{"line":53,"column":18},"end":{"line":95,"column":3}},"line":53},"8":{"name":"(anonymous_8)","decl":{"start":{"line":54,"column":23},"end":{"line":54,"column":24}},"loc":{"start":{"line":54,"column":44},"end":{"line":94,"column":5}},"line":54},"9":{"name":"(anonymous_9)","decl":{"start":{"line":69,"column":14},"end":{"line":69,"column":15}},"loc":{"start":{"line":69,"column":24},"end":{"line":93,"column":9}},"line":69},"10":{"name":"(anonymous_10)","decl":{"start":{"line":82,"column":59},"end":{"line":82,"column":60}},"loc":{"start":{"line":82,"column":66},"end":{"line":82,"column":92}},"line":82},"11":{"name":"(anonymous_11)","decl":{"start":{"line":93,"column":11},"end":{"line":93,"column":12}},"loc":{"start":{"line":93,"column":20},"end":{"line":93,"column":31}},"line":93},"12":{"name":"(anonymous_12)","decl":{"start":{"line":96,"column":2},"end":{"line":96,"column":3}},"loc":{"start":{"line":96,"column":36},"end":{"line":127,"column":3}},"line":96},"13":{"name":"(anonymous_13)","decl":{"start":{"line":97,"column":23},"end":{"line":97,"column":24}},"loc":{"start":{"line":97,"column":44},"end":{"line":126,"column":5}},"line":97},"14":{"name":"(anonymous_14)","decl":{"start":{"line":113,"column":16},"end":{"line":113,"column":17}},"loc":{"start":{"line":113,"column":26},"end":{"line":125,"column":9}},"line":113},"15":{"name":"(anonymous_15)","decl":{"start":{"line":114,"column":34},"end":{"line":114,"column":35}},"loc":{"start":{"line":114,"column":41},"end":{"line":123,"column":11}},"line":114},"16":{"name":"(anonymous_16)","decl":{"start":{"line":125,"column":11},"end":{"line":125,"column":12}},"loc":{"start":{"line":125,"column":20},"end":{"line":125,"column":31}},"line":125},"17":{"name":"(anonymous_17)","decl":{"start":{"line":128,"column":2},"end":{"line":128,"column":3}},"loc":{"start":{"line":128,"column":28},"end":{"line":172,"column":3}},"line":128},"18":{"name":"(anonymous_18)","decl":{"start":{"line":156,"column":12},"end":{"line":156,"column":13}},"loc":{"start":{"line":156,"column":22},"end":{"line":160,"column":7}},"line":156},"19":{"name":"(anonymous_19)","decl":{"start":{"line":158,"column":36},"end":{"line":158,"column":37}},"loc":{"start":{"line":158,"column":43},"end":{"line":158,"column":76}},"line":158},"20":{"name":"(anonymous_20)","decl":{"start":{"line":173,"column":2},"end":{"line":173,"column":3}},"loc":{"start":{"line":173,"column":31},"end":{"line":198,"column":3}},"line":173},"21":{"name":"(anonymous_21)","decl":{"start":{"line":174,"column":23},"end":{"line":174,"column":24}},"loc":{"start":{"line":174,"column":44},"end":{"line":197,"column":5}},"line":174},"22":{"name":"(anonymous_22)","decl":{"start":{"line":180,"column":16},"end":{"line":180,"column":17}},"loc":{"start":{"line":180,"column":26},"end":{"line":196,"column":9}},"line":180},"23":{"name":"(anonymous_23)","decl":{"start":{"line":181,"column":36},"end":{"line":181,"column":37}},"loc":{"start":{"line":181,"column":43},"end":{"line":194,"column":11}},"line":181},"24":{"name":"(anonymous_24)","decl":{"start":{"line":196,"column":11},"end":{"line":196,"column":12}},"loc":{"start":{"line":196,"column":20},"end":{"line":196,"column":31}},"line":196},"25":{"name":"(anonymous_25)","decl":{"start":{"line":199,"column":2},"end":{"line":199,"column":3}},"loc":{"start":{"line":199,"column":72},"end":{"line":245,"column":3}},"line":199},"26":{"name":"(anonymous_26)","decl":{"start":{"line":228,"column":14},"end":{"line":228,"column":15}},"loc":{"start":{"line":228,"column":24},"end":{"line":244,"column":7}},"line":228},"27":{"name":"(anonymous_27)","decl":{"start":{"line":229,"column":34},"end":{"line":229,"column":35}},"loc":{"start":{"line":229,"column":41},"end":{"line":242,"column":9}},"line":229}},"branchMap":{"0":{"loc":{"start":{"line":6,"column":4},"end":{"line":6,"column":37}},"type":"if","locations":[{"start":{"line":6,"column":4},"end":{"line":6,"column":37}},{"start":{"line":6,"column":4},"end":{"line":6,"column":37}}],"line":6},"1":{"loc":{"start":{"line":25,"column":19},"end":{"line":25,"column":43}},"type":"binary-expr","locations":[{"start":{"line":25,"column":19},"end":{"line":25,"column":26}},{"start":{"line":25,"column":30},"end":{"line":25,"column":43}}],"line":25},"2":{"loc":{"start":{"line":25,"column":45},"end":{"line":25,"column":68}},"type":"cond-expr","locations":[{"start":{"line":25,"column":54},"end":{"line":25,"column":60}},{"start":{"line":25,"column":63},"end":{"line":25,"column":68}}],"line":25},"3":{"loc":{"start":{"line":46,"column":4},"end":{"line":46,"column":30}},"type":"if","locations":[{"start":{"line":46,"column":4},"end":{"line":46,"column":30}},{"start":{"line":46,"column":4},"end":{"line":46,"column":30}}],"line":46},"4":{"loc":{"start":{"line":73,"column":12},"end":{"line":89,"column":13}},"type":"if","locations":[{"start":{"line":73,"column":12},"end":{"line":89,"column":13}},{"start":{"line":73,"column":12},"end":{"line":89,"column":13}}],"line":73},"5":{"loc":{"start":{"line":73,"column":16},"end":{"line":73,"column":69}},"type":"binary-expr","locations":[{"start":{"line":73,"column":16},"end":{"line":73,"column":42}},{"start":{"line":73,"column":46},"end":{"line":73,"column":69}}],"line":73},"6":{"loc":{"start":{"line":81,"column":19},"end":{"line":89,"column":13}},"type":"if","locations":[{"start":{"line":81,"column":19},"end":{"line":89,"column":13}},{"start":{"line":81,"column":19},"end":{"line":89,"column":13}}],"line":81},"7":{"loc":{"start":{"line":227,"column":17},"end":{"line":227,"column":41}},"type":"binary-expr","locations":[{"start":{"line":227,"column":17},"end":{"line":227,"column":24}},{"start":{"line":227,"column":28},"end":{"line":227,"column":41}}],"line":227},"8":{"loc":{"start":{"line":227,"column":43},"end":{"line":227,"column":66}},"type":"cond-expr","locations":[{"start":{"line":227,"column":52},"end":{"line":227,"column":58}},{"start":{"line":227,"column":61},"end":{"line":227,"column":66}}],"line":227}},"s":{"0":1,"1":1,"2":1,"3":4,"4":1,"5":3,"6":3,"7":3,"8":8,"9":8,"10":3,"11":0,"12":2,"13":1,"14":1,"15":1,"16":3,"17":3,"18":3,"19":3,"20":3,"21":8,"22":8,"23":6,"24":2,"25":2,"26":3,"27":2,"28":2,"29":3,"30":0,"31":1,"32":1,"33":1,"34":2,"35":2,"36":1,"37":0,"38":1,"39":1,"40":1,"41":1,"42":1,"43":1,"44":1,"45":2,"46":2,"47":2,"48":5,"49":5,"50":2,"51":0,"52":9,"53":9,"54":18,"55":18,"56":9,"57":1},"f":{"0":4,"1":3,"2":3,"3":8,"4":0,"5":2,"6":1,"7":3,"8":3,"9":3,"10":3,"11":0,"12":1,"13":1,"14":1,"15":2,"16":0,"17":1,"18":1,"19":1,"20":2,"21":2,"22":2,"23":5,"24":0,"25":9,"26":9,"27":18},"b":{"0":[1,3],"1":[3,1],"2":[1,2],"3":[1,1],"4":[6,2],"5":[8,5],"6":[2,0],"7":[9,3],"8":[3,6]},"_coverageSchema":"1a1c01bbd47fc00a2c39e90264f33305004495a9","hash":"467cdce90b4f30dcd600e6907d463c71abe9f696"}
,"C:\\Nodejs\\TTWebapp\\src\\BLL\\UserBusiness.js": {"path":"C:\\Nodejs\\TTWebapp\\src\\BLL\\UserBusiness.js","statementMap":{"0":{"start":{"line":1,"column":11},"end":{"line":1,"column":35}},"1":{"start":{"line":3,"column":21},"end":{"line":31,"column":1}},"2":{"start":{"line":5,"column":4},"end":{"line":6,"column":34}},"3":{"start":{"line":6,"column":22},"end":{"line":6,"column":32}},"4":{"start":{"line":9,"column":4},"end":{"line":14,"column":55}},"5":{"start":{"line":14,"column":23},"end":{"line":14,"column":52}},"6":{"start":{"line":17,"column":4},"end":{"line":18,"column":55}},"7":{"start":{"line":18,"column":23},"end":{"line":18,"column":52}},"8":{"start":{"line":21,"column":4},"end":{"line":29,"column":58}},"9":{"start":{"line":29,"column":23},"end":{"line":29,"column":55}},"10":{"start":{"line":33,"column":0},"end":{"line":33,"column":30}}},"fnMap":{"0":{"name":"(anonymous_0)","decl":{"start":{"line":4,"column":2},"end":{"line":4,"column":3}},"loc":{"start":{"line":4,"column":16},"end":{"line":7,"column":3}},"line":4},"1":{"name":"(anonymous_1)","decl":{"start":{"line":6,"column":12},"end":{"line":6,"column":13}},"loc":{"start":{"line":6,"column":22},"end":{"line":6,"column":32}},"line":6},"2":{"name":"(anonymous_2)","decl":{"start":{"line":8,"column":2},"end":{"line":8,"column":3}},"loc":{"start":{"line":8,"column":17},"end":{"line":15,"column":3}},"line":8},"3":{"name":"(anonymous_3)","decl":{"start":{"line":14,"column":12},"end":{"line":14,"column":13}},"loc":{"start":{"line":14,"column":23},"end":{"line":14,"column":52}},"line":14},"4":{"name":"(anonymous_4)","decl":{"start":{"line":16,"column":2},"end":{"line":16,"column":3}},"loc":{"start":{"line":16,"column":22},"end":{"line":19,"column":3}},"line":16},"5":{"name":"(anonymous_5)","decl":{"start":{"line":18,"column":12},"end":{"line":18,"column":13}},"loc":{"start":{"line":18,"column":23},"end":{"line":18,"column":52}},"line":18},"6":{"name":"(anonymous_6)","decl":{"start":{"line":20,"column":2},"end":{"line":20,"column":3}},"loc":{"start":{"line":20,"column":41},"end":{"line":30,"column":3}},"line":20},"7":{"name":"(anonymous_7)","decl":{"start":{"line":29,"column":12},"end":{"line":29,"column":13}},"loc":{"start":{"line":29,"column":23},"end":{"line":29,"column":55}},"line":29}},"branchMap":{"0":{"loc":{"start":{"line":14,"column":23},"end":{"line":14,"column":52}},"type":"cond-expr","locations":[{"start":{"line":14,"column":30},"end":{"line":14,"column":40}},{"start":{"line":14,"column":43},"end":{"line":14,"column":52}}],"line":14},"1":{"loc":{"start":{"line":18,"column":23},"end":{"line":18,"column":52}},"type":"cond-expr","locations":[{"start":{"line":18,"column":30},"end":{"line":18,"column":40}},{"start":{"line":18,"column":43},"end":{"line":18,"column":52}}],"line":18},"2":{"loc":{"start":{"line":29,"column":23},"end":{"line":29,"column":55}},"type":"cond-expr","locations":[{"start":{"line":29,"column":30},"end":{"line":29,"column":43}},{"start":{"line":29,"column":46},"end":{"line":29,"column":55}}],"line":29}},"s":{"0":4,"1":4,"2":1,"3":1,"4":2,"5":2,"6":2,"7":2,"8":2,"9":2,"10":4},"f":{"0":1,"1":1,"2":2,"3":2,"4":2,"5":2,"6":2,"7":2},"b":{"0":[1,1],"1":[1,1],"2":[2,0]},"_coverageSchema":"1a1c01bbd47fc00a2c39e90264f33305004495a9","hash":"856aa19db6cf6e326e217e7e7902705892d988f0"}
,"C:\\Nodejs\\TTWebapp\\src\\BLL\\index.js": {"path":"C:\\Nodejs\\TTWebapp\\src\\BLL\\index.js","statementMap":{"0":{"start":{"line":1,"column":24},"end":{"line":1,"column":52}},"1":{"start":{"line":2,"column":21},"end":{"line":2,"column":46}},"2":{"start":{"line":3,"column":22},"end":{"line":3,"column":48}},"3":{"start":{"line":5,"column":0},"end":{"line":9,"column":2}}},"fnMap":{},"branchMap":{},"s":{"0":4,"1":4,"2":4,"3":4},"f":{},"b":{},"_coverageSchema":"1a1c01bbd47fc00a2c39e90264f33305004495a9","hash":"410dc0e88bc10e73028181e1ba231052f9f18642"}
,"C:\\Nodejs\\TTWebapp\\src\\BLL\\Models\\Brand.js": {"path":"C:\\Nodejs\\TTWebapp\\src\\BLL\\Models\\Brand.js","statementMap":{"0":{"start":{"line":4,"column":4},"end":{"line":4,"column":29}},"1":{"start":{"line":5,"column":4},"end":{"line":5,"column":33}},"2":{"start":{"line":6,"column":4},"end":{"line":6,"column":42}},"3":{"start":{"line":9,"column":13},"end":{"line":9,"column":29}},"4":{"start":{"line":11,"column":18},"end":{"line":11,"column":35}},"5":{"start":{"line":13,"column":15},"end":{"line":13,"column":33}},"6":{"start":{"line":15,"column":20},"end":{"line":15,"column":39}},"7":{"start":{"line":17,"column":17},"end":{"line":17,"column":37}},"8":{"start":{"line":19,"column":22},"end":{"line":19,"column":43}},"9":{"start":{"line":22,"column":0},"end":{"line":22,"column":23}}},"fnMap":{"0":{"name":"(anonymous_0)","decl":{"start":{"line":3,"column":2},"end":{"line":3,"column":3}},"loc":{"start":{"line":3,"column":21},"end":{"line":7,"column":3}},"line":3},"1":{"name":"(anonymous_1)","decl":{"start":{"line":9,"column":2},"end":{"line":9,"column":3}},"loc":{"start":{"line":9,"column":11},"end":{"line":9,"column":31}},"line":9},"2":{"name":"(anonymous_2)","decl":{"start":{"line":11,"column":2},"end":{"line":11,"column":3}},"loc":{"start":{"line":11,"column":16},"end":{"line":11,"column":37}},"line":11},"3":{"name":"(anonymous_3)","decl":{"start":{"line":13,"column":2},"end":{"line":13,"column":3}},"loc":{"start":{"line":13,"column":13},"end":{"line":13,"column":35}},"line":13},"4":{"name":"(anonymous_4)","decl":{"start":{"line":15,"column":2},"end":{"line":15,"column":3}},"loc":{"start":{"line":15,"column":18},"end":{"line":15,"column":41}},"line":15},"5":{"name":"(anonymous_5)","decl":{"start":{"line":17,"column":2},"end":{"line":17,"column":3}},"loc":{"start":{"line":17,"column":15},"end":{"line":17,"column":39}},"line":17},"6":{"name":"(anonymous_6)","decl":{"start":{"line":19,"column":2},"end":{"line":19,"column":3}},"loc":{"start":{"line":19,"column":20},"end":{"line":19,"column":45}},"line":19}},"branchMap":{},"s":{"0":0,"1":0,"2":0,"3":0,"4":0,"5":0,"6":0,"7":0,"8":0,"9":3},"f":{"0":0,"1":0,"2":0,"3":0,"4":0,"5":0,"6":0},"b":{},"_coverageSchema":"1a1c01bbd47fc00a2c39e90264f33305004495a9","hash":"6772c480b1a36832fefc8c9cbd8df21a377ad425"}
,"C:\\Nodejs\\TTWebapp\\src\\BLL\\Models\\Category.js": {"path":"C:\\Nodejs\\TTWebapp\\src\\BLL\\Models\\Category.js","statementMap":{"0":{"start":{"line":4,"column":4},"end":{"line":4,"column":35}},"1":{"start":{"line":5,"column":4},"end":{"line":5,"column":39}},"2":{"start":{"line":6,"column":4},"end":{"line":6,"column":57}},"3":{"start":{"line":7,"column":4},"end":{"line":7,"column":29}},"4":{"start":{"line":10,"column":13},"end":{"line":10,"column":29}},"5":{"start":{"line":12,"column":18},"end":{"line":12,"column":35}},"6":{"start":{"line":14,"column":15},"end":{"line":14,"column":33}},"7":{"start":{"line":16,"column":20},"end":{"line":16,"column":39}},"8":{"start":{"line":18,"column":17},"end":{"line":18,"column":37}},"9":{"start":{"line":20,"column":22},"end":{"line":20,"column":43}},"10":{"start":{"line":22,"column":24},"end":{"line":22,"column":51}},"11":{"start":{"line":24,"column":29},"end":{"line":24,"column":57}},"12":{"start":{"line":27,"column":0},"end":{"line":27,"column":26}}},"fnMap":{"0":{"name":"(anonymous_0)","decl":{"start":{"line":3,"column":2},"end":{"line":3,"column":3}},"loc":{"start":{"line":3,"column":24},"end":{"line":8,"column":3}},"line":3},"1":{"name":"(anonymous_1)","decl":{"start":{"line":10,"column":2},"end":{"line":10,"column":3}},"loc":{"start":{"line":10,"column":11},"end":{"line":10,"column":31}},"line":10},"2":{"name":"(anonymous_2)","decl":{"start":{"line":12,"column":2},"end":{"line":12,"column":3}},"loc":{"start":{"line":12,"column":16},"end":{"line":12,"column":37}},"line":12},"3":{"name":"(anonymous_3)","decl":{"start":{"line":14,"column":2},"end":{"line":14,"column":3}},"loc":{"start":{"line":14,"column":13},"end":{"line":14,"column":35}},"line":14},"4":{"name":"(anonymous_4)","decl":{"start":{"line":16,"column":2},"end":{"line":16,"column":3}},"loc":{"start":{"line":16,"column":18},"end":{"line":16,"column":41}},"line":16},"5":{"name":"(anonymous_5)","decl":{"start":{"line":18,"column":2},"end":{"line":18,"column":3}},"loc":{"start":{"line":18,"column":15},"end":{"line":18,"column":39}},"line":18},"6":{"name":"(anonymous_6)","decl":{"start":{"line":20,"column":2},"end":{"line":20,"column":3}},"loc":{"start":{"line":20,"column":20},"end":{"line":20,"column":45}},"line":20},"7":{"name":"(anonymous_7)","decl":{"start":{"line":22,"column":2},"end":{"line":22,"column":3}},"loc":{"start":{"line":22,"column":22},"end":{"line":22,"column":53}},"line":22},"8":{"name":"(anonymous_8)","decl":{"start":{"line":24,"column":2},"end":{"line":24,"column":3}},"loc":{"start":{"line":24,"column":27},"end":{"line":24,"column":59}},"line":24}},"branchMap":{"0":{"loc":{"start":{"line":6,"column":19},"end":{"line":6,"column":56}},"type":"cond-expr","locations":[{"start":{"line":6,"column":37},"end":{"line":6,"column":52}},{"start":{"line":6,"column":55},"end":{"line":6,"column":56}}],"line":6}},"s":{"0":0,"1":0,"2":0,"3":0,"4":0,"5":0,"6":0,"7":0,"8":0,"9":0,"10":0,"11":0,"12":3},"f":{"0":0,"1":0,"2":0,"3":0,"4":0,"5":0,"6":0,"7":0,"8":0},"b":{"0":[0,0]},"_coverageSchema":"1a1c01bbd47fc00a2c39e90264f33305004495a9","hash":"1234690410f778feff57c8a1f89fa93a81a442b9"}
,"C:\\Nodejs\\TTWebapp\\src\\BLL\\Models\\Order.js": {"path":"C:\\Nodejs\\TTWebapp\\src\\BLL\\Models\\Order.js","statementMap":{"0":{"start":{"line":4,"column":4},"end":{"line":4,"column":29}},"1":{"start":{"line":5,"column":4},"end":{"line":5,"column":35}},"2":{"start":{"line":6,"column":4},"end":{"line":6,"column":57}},"3":{"start":{"line":7,"column":4},"end":{"line":7,"column":36}},"4":{"start":{"line":8,"column":4},"end":{"line":8,"column":66}},"5":{"start":{"line":9,"column":4},"end":{"line":9,"column":42}},"6":{"start":{"line":10,"column":4},"end":{"line":10,"column":69}},"7":{"start":{"line":11,"column":4},"end":{"line":11,"column":32}},"8":{"start":{"line":12,"column":4},"end":{"line":12,"column":39}},"9":{"start":{"line":13,"column":4},"end":{"line":13,"column":54}},"10":{"start":{"line":16,"column":13},"end":{"line":16,"column":29}},"11":{"start":{"line":18,"column":18},"end":{"line":18,"column":35}},"12":{"start":{"line":20,"column":15},"end":{"line":20,"column":33}},"13":{"start":{"line":22,"column":20},"end":{"line":22,"column":39}},"14":{"start":{"line":24,"column":19},"end":{"line":24,"column":41}},"15":{"start":{"line":26,"column":24},"end":{"line":26,"column":47}},"16":{"start":{"line":28,"column":19},"end":{"line":28,"column":41}},"17":{"start":{"line":30,"column":24},"end":{"line":30,"column":47}},"18":{"start":{"line":33,"column":4},"end":{"line":33,"column":59}},"19":{"start":{"line":36,"column":21},"end":{"line":36,"column":41}},"20":{"start":{"line":38,"column":19},"end":{"line":38,"column":41}},"21":{"start":{"line":40,"column":24},"end":{"line":40,"column":47}},"22":{"start":{"line":42,"column":14},"end":{"line":42,"column":31}},"23":{"start":{"line":44,"column":19},"end":{"line":44,"column":37}},"24":{"start":{"line":46,"column":23},"end":{"line":46,"column":49}},"25":{"start":{"line":48,"column":28},"end":{"line":48,"column":55}},"26":{"start":{"line":50,"column":17},"end":{"line":50,"column":37}},"27":{"start":{"line":52,"column":22},"end":{"line":52,"column":43}},"28":{"start":{"line":54,"column":22},"end":{"line":54,"column":47}},"29":{"start":{"line":56,"column":27},"end":{"line":56,"column":53}},"30":{"start":{"line":58,"column":28},"end":{"line":58,"column":59}},"31":{"start":{"line":60,"column":33},"end":{"line":60,"column":66}},"32":{"start":{"line":63,"column":0},"end":{"line":63,"column":23}}},"fnMap":{"0":{"name":"(anonymous_0)","decl":{"start":{"line":3,"column":2},"end":{"line":3,"column":3}},"loc":{"start":{"line":3,"column":21},"end":{"line":14,"column":3}},"line":3},"1":{"name":"(anonymous_1)","decl":{"start":{"line":16,"column":2},"end":{"line":16,"column":3}},"loc":{"start":{"line":16,"column":11},"end":{"line":16,"column":31}},"line":16},"2":{"name":"(anonymous_2)","decl":{"start":{"line":18,"column":2},"end":{"line":18,"column":3}},"loc":{"start":{"line":18,"column":16},"end":{"line":18,"column":37}},"line":18},"3":{"name":"(anonymous_3)","decl":{"start":{"line":20,"column":2},"end":{"line":20,"column":3}},"loc":{"start":{"line":20,"column":13},"end":{"line":20,"column":35}},"line":20},"4":{"name":"(anonymous_4)","decl":{"start":{"line":22,"column":2},"end":{"line":22,"column":3}},"loc":{"start":{"line":22,"column":18},"end":{"line":22,"column":41}},"line":22},"5":{"name":"(anonymous_5)","decl":{"start":{"line":24,"column":2},"end":{"line":24,"column":3}},"loc":{"start":{"line":24,"column":17},"end":{"line":24,"column":43}},"line":24},"6":{"name":"(anonymous_6)","decl":{"start":{"line":26,"column":2},"end":{"line":26,"column":3}},"loc":{"start":{"line":26,"column":22},"end":{"line":26,"column":49}},"line":26},"7":{"name":"(anonymous_7)","decl":{"start":{"line":28,"column":2},"end":{"line":28,"column":3}},"loc":{"start":{"line":28,"column":17},"end":{"line":28,"column":43}},"line":28},"8":{"name":"(anonymous_8)","decl":{"start":{"line":30,"column":2},"end":{"line":30,"column":3}},"loc":{"start":{"line":30,"column":22},"end":{"line":30,"column":49}},"line":30},"9":{"name":"(anonymous_9)","decl":{"start":{"line":32,"column":2},"end":{"line":32,"column":3}},"loc":{"start":{"line":32,"column":14},"end":{"line":34,"column":3}},"line":32},"10":{"name":"(anonymous_10)","decl":{"start":{"line":36,"column":2},"end":{"line":36,"column":3}},"loc":{"start":{"line":36,"column":19},"end":{"line":36,"column":43}},"line":36},"11":{"name":"(anonymous_11)","decl":{"start":{"line":38,"column":2},"end":{"line":38,"column":3}},"loc":{"start":{"line":38,"column":17},"end":{"line":38,"column":43}},"line":38},"12":{"name":"(anonymous_12)","decl":{"start":{"line":40,"column":2},"end":{"line":40,"column":3}},"loc":{"start":{"line":40,"column":22},"end":{"line":40,"column":49}},"line":40},"13":{"name":"(anonymous_13)","decl":{"start":{"line":42,"column":2},"end":{"line":42,"column":3}},"loc":{"start":{"line":42,"column":12},"end":{"line":42,"column":33}},"line":42},"14":{"name":"(anonymous_14)","decl":{"start":{"line":44,"column":2},"end":{"line":44,"column":3}},"loc":{"start":{"line":44,"column":17},"end":{"line":44,"column":39}},"line":44},"15":{"name":"(anonymous_15)","decl":{"start":{"line":46,"column":2},"end":{"line":46,"column":3}},"loc":{"start":{"line":46,"column":21},"end":{"line":46,"column":51}},"line":46},"16":{"name":"(anonymous_16)","decl":{"start":{"line":48,"column":2},"end":{"line":48,"column":3}},"loc":{"start":{"line":48,"column":26},"end":{"line":48,"column":57}},"line":48},"17":{"name":"(anonymous_17)","decl":{"start":{"line":50,"column":2},"end":{"line":50,"column":3}},"loc":{"start":{"line":50,"column":15},"end":{"line":50,"column":39}},"line":50},"18":{"name":"(anonymous_18)","decl":{"start":{"line":52,"column":2},"end":{"line":52,"column":3}},"loc":{"start":{"line":52,"column":20},"end":{"line":52,"column":45}},"line":52},"19":{"name":"(anonymous_19)","decl":{"start":{"line":54,"column":2},"end":{"line":54,"column":3}},"loc":{"start":{"line":54,"column":20},"end":{"line":54,"column":49}},"line":54},"20":{"name":"(anonymous_20)","decl":{"start":{"line":56,"column":2},"end":{"line":56,"column":3}},"loc":{"start":{"line":56,"column":25},"end":{"line":56,"column":55}},"line":56},"21":{"name":"(anonymous_21)","decl":{"start":{"line":58,"column":2},"end":{"line":58,"column":3}},"loc":{"start":{"line":58,"column":26},"end":{"line":58,"column":61}},"line":58},"22":{"name":"(anonymous_22)","decl":{"start":{"line":60,"column":2},"end":{"line":60,"column":3}},"loc":{"start":{"line":60,"column":31},"end":{"line":60,"column":68}},"line":60}},"branchMap":{"0":{"loc":{"start":{"line":6,"column":21},"end":{"line":6,"column":56}},"type":"cond-expr","locations":[{"start":{"line":6,"column":38},"end":{"line":6,"column":52}},{"start":{"line":6,"column":55},"end":{"line":6,"column":56}}],"line":6},"1":{"loc":{"start":{"line":8,"column":21},"end":{"line":8,"column":65}},"type":"cond-expr","locations":[{"start":{"line":8,"column":42},"end":{"line":8,"column":60}},{"start":{"line":8,"column":63},"end":{"line":8,"column":65}}],"line":8},"2":{"loc":{"start":{"line":9,"column":16},"end":{"line":9,"column":41}},"type":"cond-expr","locations":[{"start":{"line":9,"column":28},"end":{"line":9,"column":37}},{"start":{"line":9,"column":40},"end":{"line":9,"column":41}}],"line":9},"3":{"loc":{"start":{"line":10,"column":25},"end":{"line":10,"column":68}},"type":"cond-expr","locations":[{"start":{"line":10,"column":46},"end":{"line":10,"column":64}},{"start":{"line":10,"column":67},"end":{"line":10,"column":68}}],"line":10}},"s":{"0":0,"1":0,"2":0,"3":0,"4":0,"5":0,"6":0,"7":0,"8":0,"9":0,"10":0,"11":0,"12":0,"13":0,"14":0,"15":0,"16":0,"17":0,"18":0,"19":0,"20":0,"21":0,"22":0,"23":0,"24":0,"25":0,"26":0,"27":0,"28":0,"29":0,"30":0,"31":0,"32":3},"f":{"0":0,"1":0,"2":0,"3":0,"4":0,"5":0,"6":0,"7":0,"8":0,"9":0,"10":0,"11":0,"12":0,"13":0,"14":0,"15":0,"16":0,"17":0,"18":0,"19":0,"20":0,"21":0,"22":0},"b":{"0":[0,0],"1":[0,0],"2":[0,0],"3":[0,0]},"_coverageSchema":"1a1c01bbd47fc00a2c39e90264f33305004495a9","hash":"a2fbead84601e325bf5572e4d03a147e81b8b2e9"}
,"C:\\Nodejs\\TTWebapp\\src\\BLL\\Models\\OrderDetail.js": {"path":"C:\\Nodejs\\TTWebapp\\src\\BLL\\Models\\OrderDetail.js","statementMap":{"0":{"start":{"line":4,"column":4},"end":{"line":4,"column":25}},"1":{"start":{"line":5,"column":4},"end":{"line":5,"column":39}},"2":{"start":{"line":6,"column":4},"end":{"line":6,"column":31}},"3":{"start":{"line":7,"column":4},"end":{"line":7,"column":59}},"4":{"start":{"line":8,"column":4},"end":{"line":8,"column":31}},"5":{"start":{"line":9,"column":4},"end":{"line":9,"column":36}},"6":{"start":{"line":10,"column":4},"end":{"line":10,"column":37}},"7":{"start":{"line":11,"column":4},"end":{"line":11,"column":68}},"8":{"start":{"line":14,"column":13},"end":{"line":14,"column":29}},"9":{"start":{"line":16,"column":18},"end":{"line":16,"column":35}},"10":{"start":{"line":18,"column":20},"end":{"line":18,"column":43}},"11":{"start":{"line":20,"column":25},"end":{"line":20,"column":49}},"12":{"start":{"line":22,"column":16},"end":{"line":22,"column":35}},"13":{"start":{"line":24,"column":21},"end":{"line":24,"column":41}},"14":{"start":{"line":26,"column":19},"end":{"line":26,"column":41}},"15":{"start":{"line":28,"column":24},"end":{"line":28,"column":47}},"16":{"start":{"line":30,"column":16},"end":{"line":30,"column":35}},"17":{"start":{"line":32,"column":21},"end":{"line":32,"column":41}},"18":{"start":{"line":34,"column":15},"end":{"line":34,"column":33}},"19":{"start":{"line":36,"column":20},"end":{"line":36,"column":39}},"20":{"start":{"line":38,"column":19},"end":{"line":38,"column":41}},"21":{"start":{"line":40,"column":24},"end":{"line":40,"column":47}},"22":{"start":{"line":43,"column":4},"end":{"line":43,"column":74}},"23":{"start":{"line":46,"column":21},"end":{"line":46,"column":44}},"24":{"start":{"line":49,"column":0},"end":{"line":49,"column":29}}},"fnMap":{"0":{"name":"(anonymous_0)","decl":{"start":{"line":3,"column":2},"end":{"line":3,"column":3}},"loc":{"start":{"line":3,"column":22},"end":{"line":12,"column":3}},"line":3},"1":{"name":"(anonymous_1)","decl":{"start":{"line":14,"column":2},"end":{"line":14,"column":3}},"loc":{"start":{"line":14,"column":11},"end":{"line":14,"column":31}},"line":14},"2":{"name":"(anonymous_2)","decl":{"start":{"line":16,"column":2},"end":{"line":16,"column":3}},"loc":{"start":{"line":16,"column":16},"end":{"line":16,"column":37}},"line":16},"3":{"name":"(anonymous_3)","decl":{"start":{"line":18,"column":2},"end":{"line":18,"column":3}},"loc":{"start":{"line":18,"column":18},"end":{"line":18,"column":45}},"line":18},"4":{"name":"(anonymous_4)","decl":{"start":{"line":20,"column":2},"end":{"line":20,"column":3}},"loc":{"start":{"line":20,"column":23},"end":{"line":20,"column":51}},"line":20},"5":{"name":"(anonymous_5)","decl":{"start":{"line":22,"column":2},"end":{"line":22,"column":3}},"loc":{"start":{"line":22,"column":14},"end":{"line":22,"column":37}},"line":22},"6":{"name":"(anonymous_6)","decl":{"start":{"line":24,"column":2},"end":{"line":24,"column":3}},"loc":{"start":{"line":24,"column":19},"end":{"line":24,"column":43}},"line":24},"7":{"name":"(anonymous_7)","decl":{"start":{"line":26,"column":2},"end":{"line":26,"column":3}},"loc":{"start":{"line":26,"column":17},"end":{"line":26,"column":43}},"line":26},"8":{"name":"(anonymous_8)","decl":{"start":{"line":28,"column":2},"end":{"line":28,"column":3}},"loc":{"start":{"line":28,"column":22},"end":{"line":28,"column":49}},"line":28},"9":{"name":"(anonymous_9)","decl":{"start":{"line":30,"column":2},"end":{"line":30,"column":3}},"loc":{"start":{"line":30,"column":14},"end":{"line":30,"column":37}},"line":30},"10":{"name":"(anonymous_10)","decl":{"start":{"line":32,"column":2},"end":{"line":32,"column":3}},"loc":{"start":{"line":32,"column":19},"end":{"line":32,"column":43}},"line":32},"11":{"name":"(anonymous_11)","decl":{"start":{"line":34,"column":2},"end":{"line":34,"column":3}},"loc":{"start":{"line":34,"column":13},"end":{"line":34,"column":35}},"line":34},"12":{"name":"(anonymous_12)","decl":{"start":{"line":36,"column":2},"end":{"line":36,"column":3}},"loc":{"start":{"line":36,"column":18},"end":{"line":36,"column":41}},"line":36},"13":{"name":"(anonymous_13)","decl":{"start":{"line":38,"column":2},"end":{"line":38,"column":3}},"loc":{"start":{"line":38,"column":17},"end":{"line":38,"column":43}},"line":38},"14":{"name":"(anonymous_14)","decl":{"start":{"line":40,"column":2},"end":{"line":40,"column":3}},"loc":{"start":{"line":40,"column":22},"end":{"line":40,"column":49}},"line":40},"15":{"name":"(anonymous_15)","decl":{"start":{"line":42,"column":2},"end":{"line":42,"column":3}},"loc":{"start":{"line":42,"column":14},"end":{"line":44,"column":3}},"line":42},"16":{"name":"(anonymous_16)","decl":{"start":{"line":46,"column":2},"end":{"line":46,"column":3}},"loc":{"start":{"line":46,"column":19},"end":{"line":46,"column":46}},"line":46}},"branchMap":{"0":{"loc":{"start":{"line":7,"column":21},"end":{"line":7,"column":58}},"type":"cond-expr","locations":[{"start":{"line":7,"column":39},"end":{"line":7,"column":54}},{"start":{"line":7,"column":57},"end":{"line":7,"column":58}}],"line":7},"1":{"loc":{"start":{"line":11,"column":24},"end":{"line":11,"column":67}},"type":"cond-expr","locations":[{"start":{"line":11,"column":45},"end":{"line":11,"column":63}},{"start":{"line":11,"column":66},"end":{"line":11,"column":67}}],"line":11}},"s":{"0":0,"1":0,"2":0,"3":0,"4":0,"5":0,"6":0,"7":0,"8":0,"9":0,"10":0,"11":0,"12":0,"13":0,"14":0,"15":0,"16":0,"17":0,"18":0,"19":0,"20":0,"21":0,"22":0,"23":0,"24":3},"f":{"0":0,"1":0,"2":0,"3":0,"4":0,"5":0,"6":0,"7":0,"8":0,"9":0,"10":0,"11":0,"12":0,"13":0,"14":0,"15":0,"16":0},"b":{"0":[0,0],"1":[0,0]},"_coverageSchema":"1a1c01bbd47fc00a2c39e90264f33305004495a9","hash":"e2725114aaf5213a807e0e85744f67ed62d1483e"}
,"C:\\Nodejs\\TTWebapp\\src\\BLL\\Models\\Product.js": {"path":"C:\\Nodejs\\TTWebapp\\src\\BLL\\Models\\Product.js","statementMap":{"0":{"start":{"line":4,"column":4},"end":{"line":4,"column":33}},"1":{"start":{"line":5,"column":4},"end":{"line":5,"column":37}},"2":{"start":{"line":6,"column":4},"end":{"line":6,"column":32}},"3":{"start":{"line":7,"column":4},"end":{"line":7,"column":44}},"4":{"start":{"line":8,"column":4},"end":{"line":8,"column":81}},"5":{"start":{"line":9,"column":4},"end":{"line":9,"column":93}},"6":{"start":{"line":10,"column":4},"end":{"line":10,"column":32}},"7":{"start":{"line":11,"column":4},"end":{"line":11,"column":42}},"8":{"start":{"line":12,"column":4},"end":{"line":14,"column":5}},"9":{"start":{"line":13,"column":6},"end":{"line":13,"column":30}},"10":{"start":{"line":17,"column":13},"end":{"line":17,"column":29}},"11":{"start":{"line":19,"column":18},"end":{"line":19,"column":35}},"12":{"start":{"line":21,"column":15},"end":{"line":21,"column":33}},"13":{"start":{"line":23,"column":20},"end":{"line":23,"column":39}},"14":{"start":{"line":25,"column":16},"end":{"line":25,"column":35}},"15":{"start":{"line":27,"column":21},"end":{"line":27,"column":41}},"16":{"start":{"line":29,"column":21},"end":{"line":29,"column":45}},"17":{"start":{"line":31,"column":26},"end":{"line":31,"column":51}},"18":{"start":{"line":33,"column":22},"end":{"line":33,"column":47}},"19":{"start":{"line":35,"column":27},"end":{"line":35,"column":53}},"20":{"start":{"line":37,"column":16},"end":{"line":37,"column":39}},"21":{"start":{"line":39,"column":21},"end":{"line":39,"column":45}},"22":{"start":{"line":41,"column":19},"end":{"line":41,"column":45}},"23":{"start":{"line":43,"column":24},"end":{"line":43,"column":51}},"24":{"start":{"line":45,"column":16},"end":{"line":45,"column":35}},"25":{"start":{"line":47,"column":21},"end":{"line":47,"column":41}},"26":{"start":{"line":49,"column":18},"end":{"line":49,"column":39}},"27":{"start":{"line":51,"column":23},"end":{"line":51,"column":45}},"28":{"start":{"line":54,"column":0},"end":{"line":54,"column":25}}},"fnMap":{"0":{"name":"(anonymous_0)","decl":{"start":{"line":3,"column":2},"end":{"line":3,"column":3}},"loc":{"start":{"line":3,"column":32},"end":{"line":15,"column":3}},"line":3},"1":{"name":"(anonymous_1)","decl":{"start":{"line":17,"column":2},"end":{"line":17,"column":3}},"loc":{"start":{"line":17,"column":11},"end":{"line":17,"column":31}},"line":17},"2":{"name":"(anonymous_2)","decl":{"start":{"line":19,"column":2},"end":{"line":19,"column":3}},"loc":{"start":{"line":19,"column":16},"end":{"line":19,"column":37}},"line":19},"3":{"name":"(anonymous_3)","decl":{"start":{"line":21,"column":2},"end":{"line":21,"column":3}},"loc":{"start":{"line":21,"column":13},"end":{"line":21,"column":35}},"line":21},"4":{"name":"(anonymous_4)","decl":{"start":{"line":23,"column":2},"end":{"line":23,"column":3}},"loc":{"start":{"line":23,"column":18},"end":{"line":23,"column":41}},"line":23},"5":{"name":"(anonymous_5)","decl":{"start":{"line":25,"column":2},"end":{"line":25,"column":3}},"loc":{"start":{"line":25,"column":14},"end":{"line":25,"column":37}},"line":25},"6":{"name":"(anonymous_6)","decl":{"start":{"line":27,"column":2},"end":{"line":27,"column":3}},"loc":{"start":{"line":27,"column":19},"end":{"line":27,"column":43}},"line":27},"7":{"name":"(anonymous_7)","decl":{"start":{"line":29,"column":2},"end":{"line":29,"column":3}},"loc":{"start":{"line":29,"column":19},"end":{"line":29,"column":47}},"line":29},"8":{"name":"(anonymous_8)","decl":{"start":{"line":31,"column":2},"end":{"line":31,"column":3}},"loc":{"start":{"line":31,"column":24},"end":{"line":31,"column":53}},"line":31},"9":{"name":"(anonymous_9)","decl":{"start":{"line":33,"column":2},"end":{"line":33,"column":3}},"loc":{"start":{"line":33,"column":20},"end":{"line":33,"column":49}},"line":33},"10":{"name":"(anonymous_10)","decl":{"start":{"line":35,"column":2},"end":{"line":35,"column":3}},"loc":{"start":{"line":35,"column":25},"end":{"line":35,"column":55}},"line":35},"11":{"name":"(anonymous_11)","decl":{"start":{"line":37,"column":2},"end":{"line":37,"column":3}},"loc":{"start":{"line":37,"column":14},"end":{"line":37,"column":41}},"line":37},"12":{"name":"(anonymous_12)","decl":{"start":{"line":39,"column":2},"end":{"line":39,"column":3}},"loc":{"start":{"line":39,"column":19},"end":{"line":39,"column":47}},"line":39},"13":{"name":"(anonymous_13)","decl":{"start":{"line":41,"column":2},"end":{"line":41,"column":3}},"loc":{"start":{"line":41,"column":17},"end":{"line":41,"column":47}},"line":41},"14":{"name":"(anonymous_14)","decl":{"start":{"line":43,"column":2},"end":{"line":43,"column":3}},"loc":{"start":{"line":43,"column":22},"end":{"line":43,"column":53}},"line":43},"15":{"name":"(anonymous_15)","decl":{"start":{"line":45,"column":2},"end":{"line":45,"column":3}},"loc":{"start":{"line":45,"column":14},"end":{"line":45,"column":37}},"line":45},"16":{"name":"(anonymous_16)","decl":{"start":{"line":47,"column":2},"end":{"line":47,"column":3}},"loc":{"start":{"line":47,"column":19},"end":{"line":47,"column":43}},"line":47},"17":{"name":"(anonymous_17)","decl":{"start":{"line":49,"column":2},"end":{"line":49,"column":3}},"loc":{"start":{"line":49,"column":16},"end":{"line":49,"column":41}},"line":49},"18":{"name":"(anonymous_18)","decl":{"start":{"line":51,"column":2},"end":{"line":51,"column":3}},"loc":{"start":{"line":51,"column":21},"end":{"line":51,"column":47}},"line":51}},"branchMap":{"0":{"loc":{"start":{"line":8,"column":22},"end":{"line":8,"column":80}},"type":"cond-expr","locations":[{"start":{"line":8,"column":52},"end":{"line":8,"column":75}},{"start":{"line":8,"column":78},"end":{"line":8,"column":80}}],"line":8},"1":{"loc":{"start":{"line":9,"column":25},"end":{"line":9,"column":92}},"type":"cond-expr","locations":[{"start":{"line":9,"column":58},"end":{"line":9,"column":87}},{"start":{"line":9,"column":90},"end":{"line":9,"column":92}}],"line":9},"2":{"loc":{"start":{"line":12,"column":4},"end":{"line":14,"column":5}},"type":"if","locations":[{"start":{"line":12,"column":4},"end":{"line":14,"column":5}},{"start":{"line":12,"column":4},"end":{"line":14,"column":5}}],"line":12}},"s":{"0":0,"1":0,"2":0,"3":0,"4":0,"5":0,"6":0,"7":0,"8":0,"9":0,"10":0,"11":0,"12":0,"13":0,"14":0,"15":0,"16":0,"17":0,"18":0,"19":0,"20":0,"21":0,"22":0,"23":0,"24":0,"25":0,"26":0,"27":0,"28":3},"f":{"0":0,"1":0,"2":0,"3":0,"4":0,"5":0,"6":0,"7":0,"8":0,"9":0,"10":0,"11":0,"12":0,"13":0,"14":0,"15":0,"16":0,"17":0,"18":0},"b":{"0":[0,0],"1":[0,0],"2":[0,0]},"_coverageSchema":"1a1c01bbd47fc00a2c39e90264f33305004495a9","hash":"5068606d47c3c9f1cb8a8ea55a4cee88c0f9a74d"}
,"C:\\Nodejs\\TTWebapp\\src\\BLL\\Models\\ProductDetail.js": {"path":"C:\\Nodejs\\TTWebapp\\src\\BLL\\Models\\ProductDetail.js","statementMap":{"0":{"start":{"line":4,"column":4},"end":{"line":4,"column":38}},"1":{"start":{"line":5,"column":4},"end":{"line":5,"column":33}},"2":{"start":{"line":6,"column":4},"end":{"line":6,"column":37}},"3":{"start":{"line":9,"column":13},"end":{"line":9,"column":29}},"4":{"start":{"line":11,"column":18},"end":{"line":11,"column":35}},"5":{"start":{"line":13,"column":17},"end":{"line":13,"column":37}},"6":{"start":{"line":15,"column":22},"end":{"line":15,"column":43}},"7":{"start":{"line":17,"column":19},"end":{"line":17,"column":41}},"8":{"start":{"line":19,"column":24},"end":{"line":19,"column":47}},"9":{"start":{"line":21,"column":17},"end":{"line":21,"column":37}},"10":{"start":{"line":23,"column":22},"end":{"line":23,"column":43}},"11":{"start":{"line":26,"column":0},"end":{"line":26,"column":31}}},"fnMap":{"0":{"name":"(anonymous_0)","decl":{"start":{"line":3,"column":2},"end":{"line":3,"column":3}},"loc":{"start":{"line":3,"column":22},"end":{"line":7,"column":3}},"line":3},"1":{"name":"(anonymous_1)","decl":{"start":{"line":9,"column":2},"end":{"line":9,"column":3}},"loc":{"start":{"line":9,"column":11},"end":{"line":9,"column":31}},"line":9},"2":{"name":"(anonymous_2)","decl":{"start":{"line":11,"column":2},"end":{"line":11,"column":3}},"loc":{"start":{"line":11,"column":16},"end":{"line":11,"column":37}},"line":11},"3":{"name":"(anonymous_3)","decl":{"start":{"line":13,"column":2},"end":{"line":13,"column":3}},"loc":{"start":{"line":13,"column":15},"end":{"line":13,"column":39}},"line":13},"4":{"name":"(anonymous_4)","decl":{"start":{"line":15,"column":2},"end":{"line":15,"column":3}},"loc":{"start":{"line":15,"column":20},"end":{"line":15,"column":45}},"line":15},"5":{"name":"(anonymous_5)","decl":{"start":{"line":17,"column":2},"end":{"line":17,"column":3}},"loc":{"start":{"line":17,"column":17},"end":{"line":17,"column":43}},"line":17},"6":{"name":"(anonymous_6)","decl":{"start":{"line":19,"column":2},"end":{"line":19,"column":3}},"loc":{"start":{"line":19,"column":22},"end":{"line":19,"column":49}},"line":19},"7":{"name":"(anonymous_7)","decl":{"start":{"line":21,"column":2},"end":{"line":21,"column":3}},"loc":{"start":{"line":21,"column":15},"end":{"line":21,"column":39}},"line":21},"8":{"name":"(anonymous_8)","decl":{"start":{"line":23,"column":2},"end":{"line":23,"column":3}},"loc":{"start":{"line":23,"column":20},"end":{"line":23,"column":45}},"line":23}},"branchMap":{},"s":{"0":0,"1":0,"2":0,"3":0,"4":0,"5":0,"6":0,"7":0,"8":0,"9":0,"10":0,"11":0},"f":{"0":0,"1":0,"2":0,"3":0,"4":0,"5":0,"6":0,"7":0,"8":0},"b":{}}
,"C:\\Nodejs\\TTWebapp\\src\\BLL\\Models\\index.js": {"path":"C:\\Nodejs\\TTWebapp\\src\\BLL\\Models\\index.js","statementMap":{"0":{"start":{"line":1,"column":16},"end":{"line":1,"column":36}},"1":{"start":{"line":2,"column":14},"end":{"line":2,"column":32}},"2":{"start":{"line":3,"column":17},"end":{"line":3,"column":38}},"3":{"start":{"line":4,"column":14},"end":{"line":4,"column":32}},"4":{"start":{"line":5,"column":20},"end":{"line":5,"column":44}},"5":{"start":{"line":7,"column":0},"end":{"line":13,"column":2}}},"fnMap":{},"branchMap":{},"s":{"0":3,"1":3,"2":3,"3":3,"4":3,"5":3},"f":{},"b":{},"_coverageSchema":"1a1c01bbd47fc00a2c39e90264f33305004495a9","hash":"19491197c7f49693889d8084c1fc26d3ee2deb76"}
,"C:\\Nodejs\\TTWebapp\\src\\Configuration\\auth.js": {"path":"C:\\Nodejs\\TTWebapp\\src\\Configuration\\auth.js","statementMap":{"0":{"start":{"line":1,"column":0},"end":{"line":17,"column":2}},"1":{"start":{"line":2,"column":15},"end":{"line":13,"column":3}},"2":{"start":{"line":3,"column":4},"end":{"line":12,"column":23}},"3":{"start":{"line":4,"column":6},"end":{"line":10,"column":7}},"4":{"start":{"line":5,"column":8},"end":{"line":9,"column":10}},"5":{"start":{"line":11,"column":6},"end":{"line":11,"column":13}},"6":{"start":{"line":14,"column":2},"end":{"line":16,"column":4}}},"fnMap":{"0":{"name":"(anonymous_0)","decl":{"start":{"line":1,"column":17},"end":{"line":1,"column":18}},"loc":{"start":{"line":1,"column":31},"end":{"line":17,"column":1}},"line":1},"1":{"name":"(anonymous_1)","decl":{"start":{"line":2,"column":15},"end":{"line":2,"column":16}},"loc":{"start":{"line":2,"column":35},"end":{"line":13,"column":3}},"line":2},"2":{"name":"(anonymous_2)","decl":{"start":{"line":3,"column":53},"end":{"line":3,"column":54}},"loc":{"start":{"line":3,"column":68},"end":{"line":12,"column":5}},"line":3}},"branchMap":{"0":{"loc":{"start":{"line":4,"column":6},"end":{"line":10,"column":7}},"type":"if","locations":[{"start":{"line":4,"column":6},"end":{"line":10,"column":7}},{"start":{"line":4,"column":6},"end":{"line":10,"column":7}}],"line":4}},"s":{"0":0,"1":0,"2":0,"3":0,"4":0,"5":0,"6":0},"f":{"0":0,"1":0,"2":0},"b":{"0":[0,0]}}
,"C:\\Nodejs\\TTWebapp\\src\\Configuration\\middlewares.js": {"path":"C:\\Nodejs\\TTWebapp\\src\\Configuration\\middlewares.js","statementMap":{"0":{"start":{"line":1,"column":41},"end":{"line":1,"column":86}},"1":{"start":{"line":2,"column":21},"end":{"line":2,"column":45}},"2":{"start":{"line":3,"column":19},"end":{"line":3,"column":41}},"3":{"start":{"line":4,"column":15},"end":{"line":4,"column":44}},"4":{"start":{"line":5,"column":19},"end":{"line":5,"column":40}},"5":{"start":{"line":6,"column":16},"end":{"line":6,"column":45}},"6":{"start":{"line":7,"column":13},"end":{"line":7,"column":30}},"7":{"start":{"line":9,"column":13},"end":{"line":9,"column":27}},"8":{"start":{"line":10,"column":22},"end":{"line":10,"column":47}},"9":{"start":{"line":12,"column":12},"end":{"line":19,"column":2}},"10":{"start":{"line":21,"column":0},"end":{"line":32,"column":2}},"11":{"start":{"line":22,"column":2},"end":{"line":22,"column":32}},"12":{"start":{"line":23,"column":2},"end":{"line":23,"column":32}},"13":{"start":{"line":24,"column":2},"end":{"line":24,"column":32}},"14":{"start":{"line":26,"column":2},"end":{"line":26,"column":40}},"15":{"start":{"line":27,"column":2},"end":{"line":27,"column":57}},"16":{"start":{"line":28,"column":2},"end":{"line":28,"column":53}},"17":{"start":{"line":29,"column":2},"end":{"line":29,"column":29}},"18":{"start":{"line":30,"column":2},"end":{"line":30,"column":26}},"19":{"start":{"line":31,"column":2},"end":{"line":31,"column":36}}},"fnMap":{"0":{"name":"(anonymous_0)","decl":{"start":{"line":21,"column":17},"end":{"line":21,"column":18}},"loc":{"start":{"line":21,"column":45},"end":{"line":32,"column":1}},"line":21}},"branchMap":{},"s":{"0":0,"1":0,"2":0,"3":0,"4":0,"5":0,"6":0,"7":0,"8":0,"9":0,"10":0,"11":0,"12":0,"13":0,"14":0,"15":0,"16":0,"17":0,"18":0,"19":0},"f":{"0":0},"b":{}}
,"C:\\Nodejs\\TTWebapp\\src\\Configuration\\passport-config.js": {"path":"C:\\Nodejs\\TTWebapp\\src\\Configuration\\passport-config.js","statementMap":{"0":{"start":{"line":1,"column":20},"end":{"line":1,"column":43}},"1":{"start":{"line":2,"column":22},"end":{"line":2,"column":56}},"2":{"start":{"line":4,"column":20},"end":{"line":4,"column":40}},"3":{"start":{"line":5,"column":25},"end":{"line":5,"column":62}},"4":{"start":{"line":6,"column":15},"end":{"line":6,"column":32}},"5":{"start":{"line":7,"column":39},"end":{"line":7,"column":56}},"6":{"start":{"line":9,"column":24},"end":{"line":15,"column":1}},"7":{"start":{"line":10,"column":14},"end":{"line":10,"column":18}},"8":{"start":{"line":11,"column":2},"end":{"line":13,"column":3}},"9":{"start":{"line":12,"column":4},"end":{"line":12,"column":28}},"10":{"start":{"line":14,"column":2},"end":{"line":14,"column":15}},"11":{"start":{"line":17,"column":0},"end":{"line":51,"column":2}},"12":{"start":{"line":18,"column":2},"end":{"line":36,"column":7}},"13":{"start":{"line":24,"column":4},"end":{"line":35,"column":27}},"14":{"start":{"line":26,"column":8},"end":{"line":26,"column":20}},"15":{"start":{"line":27,"column":8},"end":{"line":27,"column":55}},"16":{"start":{"line":28,"column":18},"end":{"line":28,"column":25}},"17":{"start":{"line":30,"column":8},"end":{"line":32,"column":9}},"18":{"start":{"line":31,"column":10},"end":{"line":31,"column":78}},"19":{"start":{"line":34,"column":8},"end":{"line":34,"column":30}},"20":{"start":{"line":35,"column":18},"end":{"line":35,"column":25}},"21":{"start":{"line":37,"column":2},"end":{"line":42,"column":57}},"22":{"start":{"line":41,"column":23},"end":{"line":42,"column":53}},"23":{"start":{"line":42,"column":20},"end":{"line":42,"column":34}},"24":{"start":{"line":42,"column":45},"end":{"line":42,"column":52}},"25":{"start":{"line":43,"column":2},"end":{"line":50,"column":57}},"26":{"start":{"line":49,"column":47},"end":{"line":50,"column":53}},"27":{"start":{"line":50,"column":20},"end":{"line":50,"column":34}},"28":{"start":{"line":50,"column":45},"end":{"line":50,"column":52}}},"fnMap":{"0":{"name":"(anonymous_0)","decl":{"start":{"line":9,"column":24},"end":{"line":9,"column":25}},"loc":{"start":{"line":9,"column":33},"end":{"line":15,"column":1}},"line":9},"1":{"name":"(anonymous_1)","decl":{"start":{"line":17,"column":17},"end":{"line":17,"column":18}},"loc":{"start":{"line":17,"column":31},"end":{"line":51,"column":1}},"line":17},"2":{"name":"(anonymous_2)","decl":{"start":{"line":22,"column":3},"end":{"line":22,"column":4}},"loc":{"start":{"line":22,"column":28},"end":{"line":36,"column":3}},"line":22},"3":{"name":"(anonymous_3)","decl":{"start":{"line":25,"column":12},"end":{"line":25,"column":13}},"loc":{"start":{"line":25,"column":22},"end":{"line":28,"column":7}},"line":25},"4":{"name":"(anonymous_4)","decl":{"start":{"line":28,"column":9},"end":{"line":28,"column":10}},"loc":{"start":{"line":28,"column":18},"end":{"line":28,"column":25}},"line":28},"5":{"name":"(anonymous_5)","decl":{"start":{"line":29,"column":12},"end":{"line":29,"column":13}},"loc":{"start":{"line":29,"column":27},"end":{"line":35,"column":7}},"line":29},"6":{"name":"(anonymous_6)","decl":{"start":{"line":35,"column":9},"end":{"line":35,"column":10}},"loc":{"start":{"line":35,"column":18},"end":{"line":35,"column":25}},"line":35},"7":{"name":"(anonymous_7)","decl":{"start":{"line":41,"column":3},"end":{"line":41,"column":4}},"loc":{"start":{"line":41,"column":23},"end":{"line":42,"column":53}},"line":41},"8":{"name":"(anonymous_8)","decl":{"start":{"line":42,"column":10},"end":{"line":42,"column":11}},"loc":{"start":{"line":42,"column":20},"end":{"line":42,"column":34}},"line":42},"9":{"name":"(anonymous_9)","decl":{"start":{"line":42,"column":36},"end":{"line":42,"column":37}},"loc":{"start":{"line":42,"column":45},"end":{"line":42,"column":52}},"line":42},"10":{"name":"(anonymous_10)","decl":{"start":{"line":49,"column":3},"end":{"line":49,"column":4}},"loc":{"start":{"line":49,"column":47},"end":{"line":50,"column":53}},"line":49},"11":{"name":"(anonymous_11)","decl":{"start":{"line":50,"column":10},"end":{"line":50,"column":11}},"loc":{"start":{"line":50,"column":20},"end":{"line":50,"column":34}},"line":50},"12":{"name":"(anonymous_12)","decl":{"start":{"line":50,"column":36},"end":{"line":50,"column":37}},"loc":{"start":{"line":50,"column":45},"end":{"line":50,"column":52}},"line":50}},"branchMap":{"0":{"loc":{"start":{"line":11,"column":2},"end":{"line":13,"column":3}},"type":"if","locations":[{"start":{"line":11,"column":2},"end":{"line":13,"column":3}},{"start":{"line":11,"column":2},"end":{"line":13,"column":3}}],"line":11},"1":{"loc":{"start":{"line":11,"column":6},"end":{"line":11,"column":24}},"type":"binary-expr","locations":[{"start":{"line":11,"column":6},"end":{"line":11,"column":9}},{"start":{"line":11,"column":13},"end":{"line":11,"column":24}}],"line":11},"2":{"loc":{"start":{"line":30,"column":8},"end":{"line":32,"column":9}},"type":"if","locations":[{"start":{"line":30,"column":8},"end":{"line":32,"column":9}},{"start":{"line":30,"column":8},"end":{"line":32,"column":9}}],"line":30},"3":{"loc":{"start":{"line":30,"column":12},"end":{"line":30,"column":31}},"type":"binary-expr","locations":[{"start":{"line":30,"column":12},"end":{"line":30,"column":22}},{"start":{"line":30,"column":26},"end":{"line":30,"column":31}}],"line":30}},"s":{"0":0,"1":0,"2":0,"3":0,"4":0,"5":0,"6":0,"7":0,"8":0,"9":0,"10":0,"11":0,"12":0,"13":0,"14":0,"15":0,"16":0,"17":0,"18":0,"19":0,"20":0,"21":0,"22":0,"23":0,"24":0,"25":0,"26":0,"27":0,"28":0},"f":{"0":0,"1":0,"2":0,"3":0,"4":0,"5":0,"6":0,"7":0,"8":0,"9":0,"10":0,"11":0,"12":0},"b":{"0":[0,0],"1":[0,0],"2":[0,0],"3":[0,0]}}
,"C:\\Nodejs\\TTWebapp\\src\\Configuration\\routes.js": {"path":"C:\\Nodejs\\TTWebapp\\src\\Configuration\\routes.js","statementMap":{"0":{"start":{"line":2,"column":20},"end":{"line":2,"column":57}},"1":{"start":{"line":4,"column":0},"end":{"line":29,"column":2}},"2":{"start":{"line":5,"column":2},"end":{"line":5,"column":39}},"3":{"start":{"line":7,"column":2},"end":{"line":7,"column":55}},"4":{"start":{"line":8,"column":2},"end":{"line":8,"column":69}},"5":{"start":{"line":10,"column":2},"end":{"line":10,"column":66}},"6":{"start":{"line":12,"column":2},"end":{"line":14,"column":36}},"7":{"start":{"line":17,"column":2},"end":{"line":17,"column":50}},"8":{"start":{"line":18,"column":2},"end":{"line":18,"column":52}},"9":{"start":{"line":20,"column":2},"end":{"line":20,"column":70}},"10":{"start":{"line":23,"column":2},"end":{"line":23,"column":61}},"11":{"start":{"line":26,"column":2},"end":{"line":26,"column":83}},"12":{"start":{"line":28,"column":2},"end":{"line":28,"column":71}}},"fnMap":{"0":{"name":"(anonymous_0)","decl":{"start":{"line":4,"column":17},"end":{"line":4,"column":18}},"loc":{"start":{"line":4,"column":36},"end":{"line":29,"column":1}},"line":4}},"branchMap":{},"s":{"0":0,"1":0,"2":0,"3":0,"4":0,"5":0,"6":0,"7":0,"8":0,"9":0,"10":0,"11":0,"12":0},"f":{"0":0},"b":{}}
,"C:\\Nodejs\\TTWebapp\\src\\Configuration\\view-helpers.js": {"path":"C:\\Nodejs\\TTWebapp\\src\\Configuration\\view-helpers.js","statementMap":{"0":{"start":{"line":3,"column":2},"end":{"line":3,"column":99}},"1":{"start":{"line":3,"column":30},"end":{"line":3,"column":97}},"2":{"start":{"line":5,"column":19},"end":{"line":5,"column":48}},"3":{"start":{"line":7,"column":20},"end":{"line":19,"column":3}},"4":{"start":{"line":9,"column":20},"end":{"line":9,"column":26}},"5":{"start":{"line":10,"column":21},"end":{"line":10,"column":28}},"6":{"start":{"line":12,"column":20},"end":{"line":12,"column":26}},"7":{"start":{"line":13,"column":19},"end":{"line":13,"column":24}},"8":{"start":{"line":14,"column":19},"end":{"line":14,"column":24}},"9":{"start":{"line":15,"column":20},"end":{"line":15,"column":26}},"10":{"start":{"line":16,"column":20},"end":{"line":16,"column":26}},"11":{"start":{"line":18,"column":19},"end":{"line":18,"column":41}},"12":{"start":{"line":21,"column":2},"end":{"line":21,"column":118}},"13":{"start":{"line":21,"column":30},"end":{"line":21,"column":116}},"14":{"start":{"line":23,"column":17},"end":{"line":23,"column":52}},"15":{"start":{"line":25,"column":2},"end":{"line":27,"column":3}},"16":{"start":{"line":26,"column":4},"end":{"line":26,"column":28}},"17":{"start":{"line":28,"column":2},"end":{"line":28,"column":31}},"18":{"start":{"line":32,"column":14},"end":{"line":32,"column":16}},"19":{"start":{"line":33,"column":2},"end":{"line":39,"column":3}},"20":{"start":{"line":33,"column":15},"end":{"line":33,"column":16}},"21":{"start":{"line":34,"column":4},"end":{"line":34,"column":25}},"22":{"start":{"line":35,"column":4},"end":{"line":35,"column":32}},"23":{"start":{"line":36,"column":4},"end":{"line":36,"column":31}},"24":{"start":{"line":37,"column":4},"end":{"line":37,"column":36}},"25":{"start":{"line":38,"column":4},"end":{"line":38,"column":28}},"26":{"start":{"line":40,"column":2},"end":{"line":40,"column":15}},"27":{"start":{"line":43,"column":0},"end":{"line":46,"column":2}}},"fnMap":{"0":{"name":"compareHelper","decl":{"start":{"line":2,"column":9},"end":{"line":2,"column":22}},"loc":{"start":{"line":2,"column":48},"end":{"line":29,"column":1}},"line":2},"1":{"name":"(anonymous_1)","decl":{"start":{"line":9,"column":10},"end":{"line":9,"column":11}},"loc":{"start":{"line":9,"column":20},"end":{"line":9,"column":26}},"line":9},"2":{"name":"(anonymous_2)","decl":{"start":{"line":10,"column":11},"end":{"line":10,"column":12}},"loc":{"start":{"line":10,"column":21},"end":{"line":10,"column":28}},"line":10},"3":{"name":"(anonymous_3)","decl":{"start":{"line":12,"column":10},"end":{"line":12,"column":11}},"loc":{"start":{"line":12,"column":20},"end":{"line":12,"column":26}},"line":12},"4":{"name":"(anonymous_4)","decl":{"start":{"line":13,"column":9},"end":{"line":13,"column":10}},"loc":{"start":{"line":13,"column":19},"end":{"line":13,"column":24}},"line":13},"5":{"name":"(anonymous_5)","decl":{"start":{"line":14,"column":9},"end":{"line":14,"column":10}},"loc":{"start":{"line":14,"column":19},"end":{"line":14,"column":24}},"line":14},"6":{"name":"(anonymous_6)","decl":{"start":{"line":15,"column":10},"end":{"line":15,"column":11}},"loc":{"start":{"line":15,"column":20},"end":{"line":15,"column":26}},"line":15},"7":{"name":"(anonymous_7)","decl":{"start":{"line":16,"column":10},"end":{"line":16,"column":11}},"loc":{"start":{"line":16,"column":20},"end":{"line":16,"column":26}},"line":16},"8":{"name":"(anonymous_8)","decl":{"start":{"line":18,"column":4},"end":{"line":18,"column":5}},"loc":{"start":{"line":18,"column":17},"end":{"line":18,"column":43}},"line":18},"9":{"name":"Times","decl":{"start":{"line":31,"column":9},"end":{"line":31,"column":14}},"loc":{"start":{"line":31,"column":25},"end":{"line":41,"column":1}},"line":31}},"branchMap":{"0":{"loc":{"start":{"line":3,"column":2},"end":{"line":3,"column":99}},"type":"if","locations":[{"start":{"line":3,"column":2},"end":{"line":3,"column":99}},{"start":{"line":3,"column":2},"end":{"line":3,"column":99}}],"line":3},"1":{"loc":{"start":{"line":5,"column":19},"end":{"line":5,"column":48}},"type":"binary-expr","locations":[{"start":{"line":5,"column":19},"end":{"line":5,"column":40}},{"start":{"line":5,"column":44},"end":{"line":5,"column":48}}],"line":5},"2":{"loc":{"start":{"line":21,"column":2},"end":{"line":21,"column":118}},"type":"if","locations":[{"start":{"line":21,"column":2},"end":{"line":21,"column":118}},{"start":{"line":21,"column":2},"end":{"line":21,"column":118}}],"line":21},"3":{"loc":{"start":{"line":25,"column":2},"end":{"line":27,"column":3}},"type":"if","locations":[{"start":{"line":25,"column":2},"end":{"line":27,"column":3}},{"start":{"line":25,"column":2},"end":{"line":27,"column":3}}],"line":25}},"s":{"0":0,"1":0,"2":0,"3":0,"4":0,"5":0,"6":0,"7":0,"8":0,"9":0,"10":0,"11":0,"12":0,"13":0,"14":0,"15":0,"16":0,"17":0,"18":0,"19":0,"20":0,"21":0,"22":0,"23":0,"24":0,"25":0,"26":0,"27":0},"f":{"0":0,"1":0,"2":0,"3":0,"4":0,"5":0,"6":0,"7":0,"8":0,"9":0},"b":{"0":[0,0],"1":[0,0],"2":[0,0],"3":[0,0]}}
,"C:\\Nodejs\\TTWebapp\\src\\Controllers\\Controllers.js": {"path":"C:\\Nodejs\\TTWebapp\\src\\Controllers\\Controllers.js","statementMap":{"0":{"start":{"line":1,"column":14},"end":{"line":1,"column":42}},"1":{"start":{"line":2,"column":16},"end":{"line":2,"column":46}},"2":{"start":{"line":3,"column":13},"end":{"line":3,"column":40}},"3":{"start":{"line":4,"column":13},"end":{"line":4,"column":40}},"4":{"start":{"line":6,"column":0},"end":{"line":8,"column":2}}},"fnMap":{},"branchMap":{},"s":{"0":0,"1":0,"2":0,"3":0,"4":0},"f":{},"b":{}}
,"C:\\Nodejs\\TTWebapp\\src\\Controllers\\HomeController.js": {"path":"C:\\Nodejs\\TTWebapp\\src\\Controllers\\HomeController.js","statementMap":{"0":{"start":{"line":1,"column":24},"end":{"line":1,"column":57}},"1":{"start":{"line":3,"column":23},"end":{"line":13,"column":1}},"2":{"start":{"line":5,"column":4},"end":{"line":11,"column":9}},"3":{"start":{"line":7,"column":8},"end":{"line":10,"column":11}},"4":{"start":{"line":15,"column":0},"end":{"line":15,"column":32}}},"fnMap":{"0":{"name":"(anonymous_0)","decl":{"start":{"line":4,"column":2},"end":{"line":4,"column":3}},"loc":{"start":{"line":4,"column":18},"end":{"line":12,"column":3}},"line":4},"1":{"name":"(anonymous_1)","decl":{"start":{"line":6,"column":12},"end":{"line":6,"column":13}},"loc":{"start":{"line":6,"column":28},"end":{"line":11,"column":7}},"line":6}},"branchMap":{},"s":{"0":1,"1":1,"2":1,"3":1,"4":1},"f":{"0":1,"1":1},"b":{},"_coverageSchema":"1a1c01bbd47fc00a2c39e90264f33305004495a9","hash":"06f072651a555b9e2541cd5fdf338c02bc9025df"}
,"C:\\Nodejs\\TTWebapp\\src\\Controllers\\OrderController.js": {"path":"C:\\Nodejs\\TTWebapp\\src\\Controllers\\OrderController.js","statementMap":{"0":{"start":{"line":1,"column":15},"end":{"line":1,"column":50}},"1":{"start":{"line":2,"column":22},"end":{"line":2,"column":53}},"2":{"start":{"line":3,"column":24},"end":{"line":3,"column":57}},"3":{"start":{"line":5,"column":24},"end":{"line":75,"column":1}},"4":{"start":{"line":7,"column":4},"end":{"line":19,"column":5}},"5":{"start":{"line":8,"column":25},"end":{"line":8,"column":35}},"6":{"start":{"line":9,"column":28},"end":{"line":9,"column":59}},"7":{"start":{"line":10,"column":28},"end":{"line":10,"column":67}},"8":{"start":{"line":11,"column":6},"end":{"line":18,"column":9}},"9":{"start":{"line":12,"column":8},"end":{"line":17,"column":11}},"10":{"start":{"line":20,"column":4},"end":{"line":26,"column":9}},"11":{"start":{"line":22,"column":8},"end":{"line":25,"column":11}},"12":{"start":{"line":29,"column":24},"end":{"line":29,"column":34}},"13":{"start":{"line":30,"column":21},"end":{"line":30,"column":54}},"14":{"start":{"line":31,"column":4},"end":{"line":40,"column":5}},"15":{"start":{"line":32,"column":23},"end":{"line":38,"column":10}},"16":{"start":{"line":34,"column":10},"end":{"line":36,"column":11}},"17":{"start":{"line":35,"column":12},"end":{"line":35,"column":25}},"18":{"start":{"line":37,"column":10},"end":{"line":37,"column":22}},"19":{"start":{"line":39,"column":6},"end":{"line":39,"column":30}},"20":{"start":{"line":41,"column":4},"end":{"line":58,"column":7}},"21":{"start":{"line":42,"column":6},"end":{"line":57,"column":7}},"22":{"start":{"line":43,"column":8},"end":{"line":48,"column":13}},"23":{"start":{"line":50,"column":8},"end":{"line":56,"column":13}},"24":{"start":{"line":52,"column":12},"end":{"line":55,"column":15}},"25":{"start":{"line":67,"column":4},"end":{"line":70,"column":7}},"26":{"start":{"line":77,"column":0},"end":{"line":77,"column":33}}},"fnMap":{"0":{"name":"(anonymous_0)","decl":{"start":{"line":6,"column":2},"end":{"line":6,"column":3}},"loc":{"start":{"line":6,"column":30},"end":{"line":27,"column":3}},"line":6},"1":{"name":"(anonymous_1)","decl":{"start":{"line":11,"column":62},"end":{"line":11,"column":63}},"loc":{"start":{"line":11,"column":74},"end":{"line":18,"column":7}},"line":11},"2":{"name":"(anonymous_2)","decl":{"start":{"line":21,"column":12},"end":{"line":21,"column":13}},"loc":{"start":{"line":21,"column":28},"end":{"line":26,"column":7}},"line":21},"3":{"name":"(anonymous_3)","decl":{"start":{"line":28,"column":2},"end":{"line":28,"column":3}},"loc":{"start":{"line":28,"column":25},"end":{"line":59,"column":3}},"line":28},"4":{"name":"(anonymous_4)","decl":{"start":{"line":33,"column":14},"end":{"line":33,"column":15}},"loc":{"start":{"line":33,"column":25},"end":{"line":38,"column":9}},"line":33},"5":{"name":"(anonymous_5)","decl":{"start":{"line":41,"column":38},"end":{"line":41,"column":39}},"loc":{"start":{"line":41,"column":50},"end":{"line":58,"column":5}},"line":41},"6":{"name":"(anonymous_6)","decl":{"start":{"line":51,"column":16},"end":{"line":51,"column":17}},"loc":{"start":{"line":51,"column":32},"end":{"line":56,"column":11}},"line":51},"7":{"name":"(anonymous_7)","decl":{"start":{"line":66,"column":2},"end":{"line":66,"column":3}},"loc":{"start":{"line":66,"column":30},"end":{"line":71,"column":3}},"line":66}},"branchMap":{"0":{"loc":{"start":{"line":7,"column":4},"end":{"line":19,"column":5}},"type":"if","locations":[{"start":{"line":7,"column":4},"end":{"line":19,"column":5}},{"start":{"line":7,"column":4},"end":{"line":19,"column":5}}],"line":7},"1":{"loc":{"start":{"line":7,"column":8},"end":{"line":7,"column":53}},"type":"binary-expr","locations":[{"start":{"line":7,"column":8},"end":{"line":7,"column":16}},{"start":{"line":7,"column":20},"end":{"line":7,"column":53}}],"line":7},"2":{"loc":{"start":{"line":31,"column":4},"end":{"line":40,"column":5}},"type":"if","locations":[{"start":{"line":31,"column":4},"end":{"line":40,"column":5}},{"start":{"line":31,"column":4},"end":{"line":40,"column":5}}],"line":31},"3":{"loc":{"start":{"line":31,"column":8},"end":{"line":31,"column":27}},"type":"binary-expr","locations":[{"start":{"line":31,"column":8},"end":{"line":31,"column":16}},{"start":{"line":31,"column":20},"end":{"line":31,"column":27}}],"line":31},"4":{"loc":{"start":{"line":34,"column":10},"end":{"line":36,"column":11}},"type":"if","locations":[{"start":{"line":34,"column":10},"end":{"line":36,"column":11}},{"start":{"line":34,"column":10},"end":{"line":36,"column":11}}],"line":34},"5":{"loc":{"start":{"line":34,"column":14},"end":{"line":34,"column":51}},"type":"binary-expr","locations":[{"start":{"line":34,"column":14},"end":{"line":34,"column":19}},{"start":{"line":34,"column":23},"end":{"line":34,"column":51}}],"line":34},"6":{"loc":{"start":{"line":42,"column":6},"end":{"line":57,"column":7}},"type":"if","locations":[{"start":{"line":42,"column":6},"end":{"line":57,"column":7}},{"start":{"line":42,"column":6},"end":{"line":57,"column":7}}],"line":42}},"s":{"0":1,"1":1,"2":1,"3":1,"4":3,"5":1,"6":1,"7":1,"8":1,"9":1,"10":2,"11":2,"12":4,"13":4,"14":4,"15":2,"16":2,"17":1,"18":1,"19":2,"20":4,"21":4,"22":1,"23":3,"24":3,"25":0,"26":1},"f":{"0":3,"1":1,"2":2,"3":4,"4":2,"5":4,"6":3,"7":0},"b":{"0":[1,2],"1":[3,2],"2":[2,2],"3":[4,3],"4":[1,1],"5":[2,2],"6":[1,3]},"_coverageSchema":"1a1c01bbd47fc00a2c39e90264f33305004495a9","hash":"04adaa87a174c46b38ca5d50c632995d33f64754"}
,"C:\\Nodejs\\TTWebapp\\src\\Controllers\\ProductController.js": {"path":"C:\\Nodejs\\TTWebapp\\src\\Controllers\\ProductController.js","statementMap":{"0":{"start":{"line":2,"column":24},"end":{"line":2,"column":57}},"1":{"start":{"line":4,"column":26},"end":{"line":90,"column":1}},"2":{"start":{"line":6,"column":19},"end":{"line":6,"column":72}},"3":{"start":{"line":7,"column":26},"end":{"line":7,"column":93}},"4":{"start":{"line":8,"column":21},"end":{"line":8,"column":23}},"5":{"start":{"line":9,"column":26},"end":{"line":9,"column":57}},"6":{"start":{"line":10,"column":4},"end":{"line":10,"column":33}},"7":{"start":{"line":12,"column":4},"end":{"line":20,"column":5}},"8":{"start":{"line":13,"column":6},"end":{"line":13,"column":105}},"9":{"start":{"line":14,"column":23},"end":{"line":14,"column":92}},"10":{"start":{"line":15,"column":36},"end":{"line":15,"column":95}},"11":{"start":{"line":16,"column":6},"end":{"line":16,"column":91}},"12":{"start":{"line":17,"column":11},"end":{"line":20,"column":5}},"13":{"start":{"line":18,"column":6},"end":{"line":18,"column":99}},"14":{"start":{"line":19,"column":6},"end":{"line":19,"column":33}},"15":{"start":{"line":22,"column":4},"end":{"line":36,"column":7}},"16":{"start":{"line":23,"column":20},"end":{"line":23,"column":29}},"17":{"start":{"line":24,"column":28},"end":{"line":24,"column":135}},"18":{"start":{"line":25,"column":6},"end":{"line":35,"column":9}},"19":{"start":{"line":39,"column":4},"end":{"line":87,"column":5}},"20":{"start":{"line":40,"column":21},"end":{"line":40,"column":41}},"21":{"start":{"line":41,"column":23},"end":{"line":41,"column":25}},"22":{"start":{"line":43,"column":34},"end":{"line":47,"column":10}},"23":{"start":{"line":45,"column":10},"end":{"line":45,"column":25}},"24":{"start":{"line":46,"column":10},"end":{"line":46,"column":75}},"25":{"start":{"line":49,"column":28},"end":{"line":49,"column":59}},"26":{"start":{"line":50,"column":6},"end":{"line":50,"column":81}},"27":{"start":{"line":51,"column":6},"end":{"line":62,"column":7}},"28":{"start":{"line":52,"column":34},"end":{"line":52,"column":101}},"29":{"start":{"line":52,"column":95},"end":{"line":52,"column":99}},"30":{"start":{"line":53,"column":23},"end":{"line":53,"column":25}},"31":{"start":{"line":54,"column":8},"end":{"line":57,"column":9}},"32":{"start":{"line":54,"column":21},"end":{"line":54,"column":22}},"33":{"start":{"line":55,"column":33},"end":{"line":55,"column":42}},"34":{"start":{"line":56,"column":10},"end":{"line":56,"column":79}},"35":{"start":{"line":59,"column":37},"end":{"line":59,"column":132}},"36":{"start":{"line":59,"column":78},"end":{"line":59,"column":126}},"37":{"start":{"line":60,"column":39},"end":{"line":60,"column":106}},"38":{"start":{"line":61,"column":8},"end":{"line":61,"column":90}},"39":{"start":{"line":63,"column":6},"end":{"line":86,"column":9}},"40":{"start":{"line":64,"column":8},"end":{"line":77,"column":9}},"41":{"start":{"line":65,"column":10},"end":{"line":71,"column":11}},"42":{"start":{"line":65,"column":34},"end":{"line":65,"column":63}},"43":{"start":{"line":66,"column":12},"end":{"line":69,"column":15}},"44":{"start":{"line":70,"column":12},"end":{"line":70,"column":43}},"45":{"start":{"line":73,"column":10},"end":{"line":76,"column":14}},"46":{"start":{"line":78,"column":8},"end":{"line":85,"column":11}},"47":{"start":{"line":88,"column":4},"end":{"line":88,"column":16}},"48":{"start":{"line":92,"column":0},"end":{"line":92,"column":35}}},"fnMap":{"0":{"name":"(anonymous_0)","decl":{"start":{"line":5,"column":2},"end":{"line":5,"column":3}},"loc":{"start":{"line":5,"column":24},"end":{"line":37,"column":3}},"line":5},"1":{"name":"(anonymous_1)","decl":{"start":{"line":22,"column":38},"end":{"line":22,"column":39}},"loc":{"start":{"line":22,"column":50},"end":{"line":36,"column":5}},"line":22},"2":{"name":"(anonymous_2)","decl":{"start":{"line":38,"column":2},"end":{"line":38,"column":3}},"loc":{"start":{"line":38,"column":27},"end":{"line":89,"column":3}},"line":38},"3":{"name":"(anonymous_3)","decl":{"start":{"line":44,"column":14},"end":{"line":44,"column":15}},"loc":{"start":{"line":44,"column":24},"end":{"line":47,"column":9}},"line":44},"4":{"name":"(anonymous_4)","decl":{"start":{"line":52,"column":88},"end":{"line":52,"column":89}},"loc":{"start":{"line":52,"column":95},"end":{"line":52,"column":99}},"line":52},"5":{"name":"(anonymous_5)","decl":{"start":{"line":59,"column":71},"end":{"line":59,"column":72}},"loc":{"start":{"line":59,"column":78},"end":{"line":59,"column":126}},"line":59},"6":{"name":"(anonymous_6)","decl":{"start":{"line":63,"column":40},"end":{"line":63,"column":41}},"loc":{"start":{"line":63,"column":52},"end":{"line":86,"column":7}},"line":63},"7":{"name":"(anonymous_7)","decl":{"start":{"line":65,"column":27},"end":{"line":65,"column":28}},"loc":{"start":{"line":65,"column":34},"end":{"line":65,"column":63}},"line":65}},"branchMap":{"0":{"loc":{"start":{"line":6,"column":19},"end":{"line":6,"column":72}},"type":"cond-expr","locations":[{"start":{"line":6,"column":38},"end":{"line":6,"column":68}},{"start":{"line":6,"column":71},"end":{"line":6,"column":72}}],"line":6},"1":{"loc":{"start":{"line":7,"column":26},"end":{"line":7,"column":93}},"type":"cond-expr","locations":[{"start":{"line":7,"column":52},"end":{"line":7,"column":89}},{"start":{"line":7,"column":92},"end":{"line":7,"column":93}}],"line":7},"2":{"loc":{"start":{"line":12,"column":4},"end":{"line":20,"column":5}},"type":"if","locations":[{"start":{"line":12,"column":4},"end":{"line":20,"column":5}},{"start":{"line":12,"column":4},"end":{"line":20,"column":5}}],"line":12},"3":{"loc":{"start":{"line":17,"column":11},"end":{"line":20,"column":5}},"type":"if","locations":[{"start":{"line":17,"column":11},"end":{"line":20,"column":5}},{"start":{"line":17,"column":11},"end":{"line":20,"column":5}}],"line":17},"4":{"loc":{"start":{"line":24,"column":28},"end":{"line":24,"column":135}},"type":"cond-expr","locations":[{"start"
[...]
,"C:\\Nodejs\\TTWebapp\\src\\DAL\\Models\\User.js": {"path":"C:\\Nodejs\\TTWebapp\\src\\DAL\\Models\\User.js","statementMap":{"0":{"start":{"line":1,"column":0},"end":{"line":104,"column":2}},"1":{"start":{"line":2,"column":21},"end":{"line":94,"column":3}},"2":{"start":{"line":95,"column":18},"end":{"line":101,"column":3}},"3":{"start":{"line":102,"column":20},"end":{"line":102,"column":65}},"4":{"start":{"line":103,"column":2},"end":{"line":103,"column":19}}},"fnMap":{"0":{"name":"(anonymous_0)","decl":{"start":{"line":1,"column":17},"end":{"line":1,"column":18}},"loc":{"start":{"line":1,"column":43},"end":{"line":104,"column":1}},"line":1}},"branchMap":{},"s":{"0":7,"1":7,"2":7,"3":7,"4":7},"f":{"0":7},"b":{},"_coverageSchema":"1a1c01bbd47fc00a2c39e90264f33305004495a9","hash":"0ab73a062496072902e59a2222fb13d6ba931161"}
,"C:\\Nodejs\\TTWebapp\\src\\DAL\\Models\\index.js": {"path":"C:\\Nodejs\\TTWebapp\\src\\DAL\\Models\\index.js","statementMap":{"0":{"start":{"line":1,"column":18},"end":{"line":1,"column":38}},"1":{"start":{"line":2,"column":17},"end":{"line":2,"column":43}},"2":{"start":{"line":4,"column":18},"end":{"line":15,"column":2}},"3":{"start":{"line":17,"column":11},"end":{"line":17,"column":13}},"4":{"start":{"line":19,"column":0},"end":{"line":19,"column":25}},"5":{"start":{"line":20,"column":0},"end":{"line":20,"column":25}},"6":{"start":{"line":22,"column":0},"end":{"line":22,"column":54}},"7":{"start":{"line":23,"column":0},"end":{"line":23,"column":56}},"8":{"start":{"line":24,"column":0},"end":{"line":24,"column":68}},"9":{"start":{"line":25,"column":0},"end":{"line":25,"column":60}},"10":{"start":{"line":26,"column":0},"end":{"line":26,"column":72}},"11":{"start":{"line":27,"column":0},"end":{"line":27,"column":54}},"12":{"start":{"line":28,"column":0},"end":{"line":28,"column":56}},"13":{"start":{"line":29,"column":0},"end":{"line":29,"column":63}},"14":{"start":{"line":31,"column":0},"end":{"line":31,"column":26}},"15":{"start":{"line":32,"column":0},"end":{"line":32,"column":24}},"16":{"start":{"line":33,"column":0},"end":{"line":33,"column":28}},"17":{"start":{"line":34,"column":0},"end":{"line":34,"column":32}},"18":{"start":{"line":35,"column":0},"end":{"line":35,"column":23}},"19":{"start":{"line":37,"column":0},"end":{"line":37,"column":20}}},"fnMap":{},"branchMap":{},"s":{"0":7,"1":7,"2":7,"3":7,"4":7,"5":7,"6":7,"7":7,"8":7,"9":7,"10":7,"11":7,"12":7,"13":7,"14":7,"15":7,"16":7,"17":7,"18":7,"19":7},"f":{},"b":{},"_coverageSchema":"1a1c01bbd47fc00a2c39e90264f33305004495a9","hash":"6dcb9e1b379ff080a80581ac6257115e6e1a90b8"}
,"C:\\Nodejs\\TTWebapp\\src\\ViewModels\\Address.js": {"path":"C:\\Nodejs\\TTWebapp\\src\\ViewModels\\Address.js","statementMap":{"0":{"start":{"line":1,"column":18},"end":{"line":3,"column":1}},"1":{"start":{"line":5,"column":0},"end":{"line":5,"column":27}}},"fnMap":{},"branchMap":{},"s":{"0":1,"1":1},"f":{},"b":{},"_coverageSchema":"1a1c01bbd47fc00a2c39e90264f33305004495a9","hash":"344695303b98dba1d65e5e595cc458888eee8d10"}
,"C:\\Nodejs\\TTWebapp\\src\\ViewModels\\Brand.js": {"path":"C:\\Nodejs\\TTWebapp\\src\\ViewModels\\Brand.js","statementMap":{"0":{"start":{"line":1,"column":15},"end":{"line":18,"column":1}},"1":{"start":{"line":20,"column":0},"end":{"line":20,"column":24}}},"fnMap":{},"branchMap":{},"s":{"0":1,"1":1},"f":{},"b":{},"_coverageSchema":"1a1c01bbd47fc00a2c39e90264f33305004495a9","hash":"9d21fc2a54360c43a9cc550cc315be9a725d8422"}
,"C:\\Nodejs\\TTWebapp\\src\\ViewModels\\Category.js": {"path":"C:\\Nodejs\\TTWebapp\\src\\ViewModels\\Category.js","statementMap":{"0":{"start":{"line":1,"column":19},"end":{"line":56,"column":1}},"1":{"start":{"line":58,"column":0},"end":{"line":58,"column":28}}},"fnMap":{},"branchMap":{},"s":{"0":1,"1":1},"f":{},"b":{},"_coverageSchema":"1a1c01bbd47fc00a2c39e90264f33305004495a9","hash":"38638676ac7496647db300e6ac9601ae97227656"}
,"C:\\Nodejs\\TTWebapp\\src\\ViewModels\\Colour.js": {"path":"C:\\Nodejs\\TTWebapp\\src\\ViewModels\\Colour.js","statementMap":{"0":{"start":{"line":1,"column":16},"end":{"line":22,"column":1}},"1":{"start":{"line":24,"column":0},"end":{"line":24,"column":25}}},"fnMap":{},"branchMap":{},"s":{"0":1,"1":1},"f":{},"b":{},"_coverageSchema":"1a1c01bbd47fc00a2c39e90264f33305004495a9","hash":"81166c223ae82179919f077fbbfc886789b216b8"}
,"C:\\Nodejs\\TTWebapp\\src\\ViewModels\\Order.js": {"path":"C:\\Nodejs\\TTWebapp\\src\\ViewModels\\Order.js","statementMap":{"0":{"start":{"line":1,"column":15},"end":{"line":18,"column":1}},"1":{"start":{"line":20,"column":15},"end":{"line":171,"column":1}},"2":{"start":{"line":173,"column":0},"end":{"line":176,"column":2}}},"fnMap":{},"branchMap":{},"s":{"0":1,"1":1,"2":1},"f":{},"b":{},"_coverageSchema":"1a1c01bbd47fc00a2c39e90264f33305004495a9","hash":"f0fa8fbc6885a9bb458781b6735f2741d45ebc92"}
,"C:\\Nodejs\\TTWebapp\\src\\ViewModels\\Product.js": {"path":"C:\\Nodejs\\TTWebapp\\src\\ViewModels\\Product.js","statementMap":{"0":{"start":{"line":1,"column":17},"end":{"line":47,"column":1}},"1":{"start":{"line":49,"column":0},"end":{"line":49,"column":26}}},"fnMap":{},"branchMap":{},"s":{"0":1,"1":1},"f":{},"b":{},"_coverageSchema":"1a1c01bbd47fc00a2c39e90264f33305004495a9","hash":"5977751cf24d4814df58b46e92345490b26429bd"}
,"C:\\Nodejs\\TTWebapp\\src\\ViewModels\\ViewModels.js": {"path":"C:\\Nodejs\\TTWebapp\\src\\ViewModels\\ViewModels.js","statementMap":{"0":{"start":{"line":1,"column":16},"end":{"line":1,"column":36}},"1":{"start":{"line":2,"column":14},"end":{"line":2,"column":32}},"2":{"start":{"line":3,"column":17},"end":{"line":3,"column":38}},"3":{"start":{"line":4,"column":15},"end":{"line":4,"column":34}},"4":{"start":{"line":5,"column":14},"end":{"line":5,"column":32}},"5":{"start":{"line":6,"column":16},"end":{"line":6,"column":36}},"6":{"start":{"line":8,"column":0},"end":{"line":15,"column":2}}},"fnMap":{},"branchMap":{},"s":{"0":1,"1":1,"2":1,"3":1,"4":1,"5":1,"6":1},"f":{},"b":{},"_coverageSchema":"1a1c01bbd47fc00a2c39e90264f33305004495a9","hash":"54dbbdb60daaa381e45adc55fcad3ebd6c3e83b5"}
,"C:\\Nodejs\\TTWebapp\\src\\public\\js\\custom.js": {"path":"C:\\Nodejs\\TTWebapp\\src\\public\\js\\custom.js","statementMap":{"0":{"start":{"line":1,"column":0},"end":{"line":25,"column":3}},"1":{"start":{"line":2,"column":1},"end":{"line":24,"column":4}},"2":{"start":{"line":3,"column":2},"end":{"line":23,"column":5}},"3":{"start":{"line":12,"column":4},"end":{"line":22,"column":5}},"4":{"start":{"line":13,"column":5},"end":{"line":21,"column":6}},"5":{"start":{"line":17,"column":4},"end":{"line":20,"column":5}},"6":{"start":{"line":19,"column":5},"end":{"line":19,"column":27}}},"fnMap":{"0":{"name":"(anonymous_0)","decl":{"start":{"line":1,"column":18},"end":{"line":1,"column":19}},"loc":{"start":{"line":1,"column":29},"end":{"line":25,"column":1}},"line":1},"1":{"name":"(anonymous_1)","decl":{"start":{"line":2,"column":20},"end":{"line":2,"column":21}},"loc":{"start":{"line":2,"column":30},"end":{"line":24,"column":2}},"line":2},"2":{"name":"(anonymous_2)","decl":{"start":{"line":11,"column":10},"end":{"line":11,"column":11}},"loc":{"start":{"line":11,"column":22},"end":{"line":23,"column":3}},"line":11},"3":{"name":"(anonymous_3)","decl":{"start":{"line":16,"column":11},"end":{"line":16,"column":12}},"loc":{"start":{"line":16,"column":25},"end":{"line":21,"column":4}},"line":16}},"branchMap":{"0":{"loc":{"start":{"line":12,"column":4},"end":{"line":22,"column":5}},"type":"if","locations":[{"start":{"line":12,"column":4},"end":{"line":22,"column":5}},{"start":{"line":12,"column":4},"end":{"line":22,"column":5}}],"line":12},"1":{"loc":{"start":{"line":17,"column":4},"end":{"line":20,"column":5}},"type":"if","locations":[{"start":{"line":17,"column":4},"end":{"line":20,"column":5}},{"start":{"line":17,"column":4},"end":{"line":20,"column":5}}],"line":17}},"s":{"0":0,"1":0,"2":0,"3":0,"4":0,"5":0,"6":0},"f":{"0":0,"1":0,"2":0,"3":0},"b":{"0":[0,0],"1":[0,0]}}
,"C:\\Nodejs\\TTWebapp\\src\\public\\js\\front.js": {"path":"C:\\Nodejs\\TTWebapp\\src\\public\\js\\front.js","statementMap":{"0":{"start":{"line":1,"column":0},"end":{"line":91,"column":3}},"1":{"start":{"line":3,"column":4},"end":{"line":11,"column":7}},"2":{"start":{"line":14,"column":4},"end":{"line":21,"column":7}},"3":{"start":{"line":24,"column":4},"end":{"line":31,"column":7}},"4":{"start":{"line":34,"column":4},"end":{"line":52,"column":7}},"5":{"start":{"line":59,"column":4},"end":{"line":59,"column":12}},"6":{"start":{"line":65,"column":21},"end":{"line":65,"column":47}},"7":{"start":{"line":66,"column":4},"end":{"line":66,"column":77}},"8":{"start":{"line":67,"column":26},"end":{"line":67,"column":50}},"9":{"start":{"line":69,"column":4},"end":{"line":71,"column":5}},"10":{"start":{"line":70,"column":8},"end":{"line":70,"column":64}},"11":{"start":{"line":73,"column":4},"end":{"line":89,"column":7}},"12":{"start":{"line":75,"column":8},"end":{"line":86,"column":9}},"13":{"start":{"line":77,"column":32},"end":{"line":77,"column":69}},"14":{"start":{"line":79,"column":12},"end":{"line":79,"column":56}},"15":{"start":{"line":81,"column":12},"end":{"line":84,"column":15}},"16":{"start":{"line":88,"column":8},"end":{"line":88,"column":21}},"17":{"start":{"line":95,"column":0},"end":{"line":97,"column":3}},"18":{"start":{"line":96,"column":4},"end":{"line":96,"column":38}},"19":{"start":{"line":99,"column":0},"end":{"line":103,"column":3}},"20":{"start":{"line":100,"column":4},"end":{"line":102,"column":12}},"21":{"start":{"line":101,"column":8},"end":{"line":101,"column":42}},"22":{"start":{"line":147,"column":4},"end":{"line":150,"column":7}},"23":{"start":{"line":148,"column":20},"end":{"line":148,"column":42}},"24":{"start":{"line":149,"column":8},"end":{"line":149,"column":36}},"25":{"start":{"line":153,"column":4},"end":{"line":156,"column":7}},"26":{"start":{"line":155,"column":8},"end":{"line":155,"column":57}},"27":{"start":{"line":159,"column":4},"end":{"line":163,"column":7}},"28":{"start":{"line":161,"column":8},"end":{"line":161,"column":27}},"29":{"start":{"line":162,"column":8},"end":{"line":162,"column":42}},"30":{"start":{"line":166,"column":4},"end":{"line":175,"column":7}},"31":{"start":{"line":168,"column":23},"end":{"line":168,"column":32}},"32":{"start":{"line":169,"column":20},"end":{"line":169,"column":39}},"33":{"start":{"line":170,"column":8},"end":{"line":174,"column":9}},"34":{"start":{"line":172,"column":12},"end":{"line":172,"column":31}},"35":{"start":{"line":173,"column":12},"end":{"line":173,"column":35}},"36":{"start":{"line":178,"column":20},"end":{"line":178,"column":39}},"37":{"start":{"line":179,"column":19},"end":{"line":179,"column":27}},"38":{"start":{"line":180,"column":28},"end":{"line":180,"column":50}},"39":{"start":{"line":181,"column":25},"end":{"line":181,"column":48}},"40":{"start":{"line":182,"column":8},"end":{"line":184,"column":9}},"41":{"start":{"line":183,"column":12},"end":{"line":183,"column":27}},"42":{"start":{"line":186,"column":8},"end":{"line":188,"column":17}},"43":{"start":{"line":193,"column":0},"end":{"line":229,"column":1}},"44":{"start":{"line":194,"column":4},"end":{"line":225,"column":7}},"45":{"start":{"line":196,"column":24},"end":{"line":196,"column":25}},"46":{"start":{"line":198,"column":23},"end":{"line":198,"column":51}},"47":{"start":{"line":200,"column":8},"end":{"line":200,"column":32}},"48":{"start":{"line":202,"column":8},"end":{"line":210,"column":9}},"49":{"start":{"line":203,"column":12},"end":{"line":207,"column":15}},"50":{"start":{"line":204,"column":16},"end":{"line":206,"column":17}},"51":{"start":{"line":205,"column":20},"end":{"line":205,"column":54}},"52":{"start":{"line":209,"column":12},"end":{"line":209,"column":44}},"53":{"start":{"line":212,"column":8},"end":{"line":212,"column":22}},"54":{"start":{"line":213,"column":8},"end":{"line":213,"column":55}},"55":{"start":{"line":215,"column":8},"end":{"line":215,"column":32}},"56":{"start":{"line":217,"column":8},"end":{"line":221,"column":11}},"57":{"start":{"line":218,"column":12},"end":{"line":220,"column":13}},"58":{"start":{"line":219,"column":16},"end":{"line":219,"column":50}},"59":{"start":{"line":223,"column":8},"end":{"line":223,"column":40}}},"fnMap":{"0":{"name":"(anonymous_0)","decl":{"start":{"line":1,"column":2},"end":{"line":1,"column":3}},"loc":{"start":{"line":1,"column":14},"end":{"line":91,"column":1}},"line":1},"1":{"name":"(anonymous_1)","decl":{"start":{"line":73,"column":24},"end":{"line":73,"column":25}},"loc":{"start":{"line":73,"column":36},"end":{"line":89,"column":5}},"line":73},"2":{"name":"(anonymous_2)","decl":{"start":{"line":95,"column":21},"end":{"line":95,"column":22}},"loc":{"start":{"line":95,"column":33},"end":{"line":97,"column":1}},"line":95},"3":{"name":"(anonymous_3)","decl":{"start":{"line":99,"column":17},"end":{"line":99,"column":18}},"loc":{"start":{"line":99,"column":29},"end":{"line":103,"column":1}},"line":99},"4":{"name":"(anonymous_4)","decl":{"start":{"line":100,"column":15},"end":{"line":100,"column":16}},"loc":{"start":{"line":100,"column":27},"end":{"line":102,"column":5}},"line":100},"5":{"name":"utils","decl":{"start":{"line":142,"column":9},"end":{"line":142,"column":14}},"loc":{"start":{"line":142,"column":17},"end":{"line":190,"column":1}},"line":142},"6":{"name":"(anonymous_6)","decl":{"start":{"line":147,"column":76},"end":{"line":147,"column":77}},"loc":{"start":{"line":147,"column":89},"end":{"line":150,"column":5}},"line":147},"7":{"name":"(anonymous_7)","decl":{"start":{"line":153,"column":36},"end":{"line":153,"column":37}},"loc":{"start":{"line":153,"column":49},"end":{"line":156,"column":5}},"line":153},"8":{"name":"(anonymous_8)","decl":{"start":{"line":159,"column":31},"end":{"line":159,"column":32}},"loc":{"start":{"line":159,"column":44},"end":{"line":163,"column":5}},"line":159},"9":{"name":"(anonymous_9)","decl":{"start":{"line":166,"column":42},"end":{"line":166,"column":43}},"loc":{"start":{"line":166,"column":59},"end":{"line":175,"column":5}},"line":166},"10":{"name":"scrollTo","decl":{"start":{"line":177,"column":13},"end":{"line":177,"column":21}},"loc":{"start":{"line":177,"column":32},"end":{"line":189,"column":5}},"line":177},"11":{"name":"(anonymous_11)","decl":{"start":{"line":193,"column":31},"end":{"line":193,"column":32}},"loc":{"start":{"line":193,"column":43},"end":{"line":229,"column":1}},"line":193},"12":{"name":"(anonymous_12)","decl":{"start":{"line":194,"column":31},"end":{"line":194,"column":32}},"loc":{"start":{"line":194,"column":43},"end":{"line":225,"column":5}},"line":194},"13":{"name":"(anonymous_13)","decl":{"start":{"line":203,"column":26},"end":{"line":203,"column":27}},"loc":{"start":{"line":203,"column":38},"end":{"line":207,"column":13}},"line":203},"14":{"name":"(anonymous_14)","decl":{"start":{"line":217,"column":22},"end":{"line":217,"column":23}},"loc":{"start":{"line":217,"column":34},"end":{"line":221,"column":9}},"line":217}},"branchMap":{"0":{"loc":{"start":{"line":69,"column":4},"end":{"line":71,"column":5}},"type":"if","locations":[{"start":{"line":69,"column":4},"end":{"line":71,"column":5}},{"start":{"line":69,"column":4},"end":{"line":71,"column":5}}],"line":69},"1":{"loc":{"start":{"line":75,"column":8},"end":{"line":86,"column":9}},"type":"if","locations":[{"start":{"line":75,"column":8},"end":{"line":86,"column":9}},{"start":{"line":75,"column":8},"end":{"line":86,"column":9}}],"line":75},"2":{"loc":{"start":{"line":170,"column":8},"end":{"line":174,"column":9}},"type":"if","locations":[{"start":{"line":170,"column":8},"end":{"line":174,"column":9}},{"start":{"line":170,"column":8},"end":{"line":174,"column":9}}],"line":170},"3":{"loc":{"start":{"line":182,"column":8},"end":{"line":184,"column":9}},"type":"if","locations":[{"start":{"line":182,"column":8},"end":{"line":184,"column":9}},{"start":{"line":182,"column":8},"end":{"line":184,"column":9}}],"line":182},"4":{"loc":{"start":{"line":202,"column":8},"end":{"line":210,"column":9}},"type":"if","locations":[{"start":{"line":202,"column":8},"end":{"line":210,"column":9}},{"start":{"line":202,"column":8},"end":{"line":210,"column":9}}],"line":202},"5":{"loc":{"start":{"line":204,"column":16},"end":{"line":206,"column":17}},"type":"if","locations":[{"start":{"line":204,"column":16},"end":{"line":206,"column":17}},{"start":{"line":204,"column":16},"end":{"line":206,"column":17}}],"line":204},"6":{"loc":{"start":{"line":218,"column":12},"end":{"line":220,"column":13}},"type":"if","locations":[{"start":{"line":218,"column":12},"end":{"line":220,"column":13}},{"start":{"line":218,"column":12},"end":{"line":220,"column":13}}],"line":218}},"s":{"0":0,"1":0,"2":0,"3":0,"4":0,"5":0,"6":0,"7":0,"8":0,"9":0,"10":0,"11":0,"12":0,"13":0,"14":0,"15":0,"16":0,"17":0,"18":0,"19":0,"20":0,"21":0,"22":0,"23":0,"24":0,"25":0,"26":0,"27":0,"28":0,"29":0,"30":0,"31":0,"32":0,"33":0,"34":0,"35":0,"36":0,"37":0,"38":0,"39":0,"40":0,"41":0,"42":0,"43":0,"44":0,"45":0,"46":0,"47":0,"48":0,"49":0,"50":0,"51":0,"52":0,"53":0,"54":0,"55":0,"56":0,"57":0,"58":0,"59":0},"f":{"0":0,"1":0,"2":0,"3":0,"4":0,"5":0,"6":0,"7":0,"8":0,"9":0,"10":0,"11":0,"12":0,"13":0,"14":0},"b":{"0":[0,0],"1":[0,0],"2":[0,0],"3":[0,0],"4":[0,0],"5":[0,0],"6":[0,0]}}
,"C:\\Nodejs\\TTWebapp\\src\\public\\js\\map.js": {"path":"C:\\Nodejs\\TTWebapp\\src\\public\\js\\map.js","statementMap":{"0":{"start":{"line":1,"column":0},"end":{"line":59,"column":3}},"1":{"start":{"line":3,"column":16},"end":{"line":3,"column":21}},"2":{"start":{"line":4,"column":20},"end":{"line":4,"column":33}},"3":{"start":{"line":5,"column":20},"end":{"line":5,"column":24}},"4":{"start":{"line":7,"column":4},"end":{"line":58,"column":5}},"5":{"start":{"line":9,"column":19},"end":{"line":14,"column":10}},"6":{"start":{"line":16,"column":23},"end":{"line":16,"column":28}},"7":{"start":{"line":17,"column":18},"end":{"line":17,"column":23}},"8":{"start":{"line":19,"column":8},"end":{"line":22,"column":9}},"9":{"start":{"line":20,"column":12},"end":{"line":20,"column":28}},"10":{"start":{"line":21,"column":12},"end":{"line":21,"column":23}},"11":{"start":{"line":24,"column":18},"end":{"line":30,"column":10}},"12":{"start":{"line":32,"column":31},"end":{"line":38,"column":10}},"13":{"start":{"line":40,"column":8},"end":{"line":40,"column":36}},"14":{"start":{"line":42,"column":8},"end":{"line":44,"column":11}},"15":{"start":{"line":43,"column":12},"end":{"line":43,"column":41}},"16":{"start":{"line":46,"column":8},"end":{"line":57,"column":9}},"17":{"start":{"line":47,"column":25},"end":{"line":49,"column":25}},"18":{"start":{"line":51,"column":12},"end":{"line":55,"column":14}}},"fnMap":{"0":{"name":"(anonymous_0)","decl":{"start":{"line":1,"column":2},"end":{"line":1,"column":3}},"loc":{"start":{"line":1,"column":14},"end":{"line":59,"column":1}},"line":1},"1":{"name":"(anonymous_1)","decl":{"start":{"line":42,"column":26},"end":{"line":42,"column":27}},"loc":{"start":{"line":42,"column":38},"end":{"line":44,"column":9}},"line":42}},"branchMap":{"0":{"loc":{"start":{"line":7,"column":4},"end":{"line":58,"column":5}},"type":"if","locations":[{"start":{"line":7,"column":4},"end":{"line":58,"column":5}},{"start":{"line":7,"column":4},"end":{"line":58,"column":5}}],"line":7},"1":{"loc":{"start":{"line":19,"column":8},"end":{"line":22,"column":9}},"type":"if","locations":[{"start":{"line":19,"column":8},"end":{"line":22,"column":9}},{"start":{"line":19,"column":8},"end":{"line":22,"column":9}}],"line":19},"2":{"loc":{"start":{"line":46,"column":8},"end":{"line":57,"column":9}},"type":"if","locations":[{"start":{"line":46,"column":8},"end":{"line":57,"column":9}},{"start":{"line":46,"column":8},"end":{"line":57,"column":9}}],"line":46}},"s":{"0":0,"1":0,"2":0,"3":0,"4":0,"5":0,"6":0,"7":0,"8":0,"9":0,"10":0,"11":0,"12":0,"13":0,"14":0,"15":0,"16":0,"17":0,"18":0},"f":{"0":0,"1":0},"b":{"0":[0,0],"1":[0,0],"2":[0,0]}}
}
