TN:
SF:src\index.js
FN:15,(anonymous_0)
FNF:1
FNH:0
FNDA:0,(anonymous_0)
DA:1,0
DA:3,0
DA:4,0
DA:5,0
DA:7,0
DA:8,0
DA:10,0
DA:11,0
DA:12,0
DA:15,0
LF:10
LH:0
BRF:0
BRH:0
end_of_record
TN:
SF:src\BLL\OrderBusiness.js
FN:25,GetOrderStatusDescription
FN:33,(anonymous_1)
FN:43,(anonymous_2)
FN:44,(anonymous_3)
FN:57,(anonymous_4)
FN:69,(anonymous_5)
FNF:6
FNH:6
FNDA:1,GetOrderStatusDescription
FNDA:4,(anonymous_1)
FNDA:3,(anonymous_2)
FNDA:7,(anonymous_3)
FNDA:2,(anonymous_4)
FNDA:2,(anonymous_5)
DA:3,4
DA:4,4
DA:6,4
DA:26,1
DA:27,2
DA:29,0
DA:32,4
DA:34,4
DA:35,3
DA:44,3
DA:45,7
DA:52,7
DA:54,3
DA:58,2
DA:66,2
DA:70,2
DA:71,2
DA:72,2
DA:85,1
DA:86,1
DA:87,1
DA:88,1
DA:99,2
DA:102,2
DA:107,4
LF:25
LH:24
BRDA:27,0,0,1
BRDA:27,0,1,1
BRDA:34,1,0,1
BRDA:34,1,1,3
BRDA:42,2,0,3
BRDA:42,2,1,1
BRDA:42,3,0,1
BRDA:42,3,1,2
BRDA:72,4,0,1
BRDA:72,4,1,1
BRF:10
BRH:10
end_of_record
TN:
SF:src\BLL\ProductBusiness.js
FN:5,(anonymous_0)
FN:7,(anonymous_1)
FN:26,(anonymous_2)
FN:27,(anonymous_3)
FN:42,(anonymous_4)
FN:45,(anonymous_5)
FN:51,(anonymous_6)
FN:53,(anonymous_7)
FN:54,(anonymous_8)
FN:69,(anonymous_9)
FN:82,(anonymous_10)
FN:93,(anonymous_11)
FN:96,(anonymous_12)
FN:97,(anonymous_13)
FN:113,(anonymous_14)
FN:114,(anonymous_15)
FN:125,(anonymous_16)
FN:128,(anonymous_17)
FN:156,(anonymous_18)
FN:158,(anonymous_19)
FN:173,(anonymous_20)
FN:174,(anonymous_21)
FN:180,(anonymous_22)
FN:181,(anonymous_23)
FN:196,(anonymous_24)
FN:199,(anonymous_25)
FN:228,(anonymous_26)
FN:229,(anonymous_27)
FNF:28
FNH:24
FNDA:4,(anonymous_0)
FNDA:3,(anonymous_1)
FNDA:3,(anonymous_2)
FNDA:8,(anonymous_3)
FNDA:0,(anonymous_4)
FNDA:2,(anonymous_5)
FNDA:1,(anonymous_6)
FNDA:3,(anonymous_7)
FNDA:3,(anonymous_8)
FNDA:3,(anonymous_9)
FNDA:3,(anonymous_10)
FNDA:0,(anonymous_11)
FNDA:1,(anonymous_12)
FNDA:1,(anonymous_13)
FNDA:1,(anonymous_14)
FNDA:2,(anonymous_15)
FNDA:0,(anonymous_16)
FNDA:1,(anonymous_17)
FNDA:1,(anonymous_18)
FNDA:1,(anonymous_19)
FNDA:2,(anonymous_20)
FNDA:2,(anonymous_21)
FNDA:2,(anonymous_22)
FNDA:5,(anonymous_23)
FNDA:0,(anonymous_24)
FNDA:9,(anonymous_25)
FNDA:9,(anonymous_26)
FNDA:18,(anonymous_27)
DA:1,1
DA:2,1
DA:4,1
DA:6,4
DA:7,3
DA:8,3
DA:27,3
DA:28,8
DA:39,8
DA:41,3
DA:42,0
DA:46,2
DA:47,1
DA:51,1
DA:54,3
DA:55,3
DA:70,3
DA:71,3
DA:72,8
DA:73,8
DA:80,6
DA:81,2
DA:82,3
DA:83,2
DA:88,2
DA:92,3
DA:93,0
DA:97,1
DA:98,1
DA:114,1
DA:115,2
DA:122,2
DA:124,1
DA:125,0
DA:129,1
DA:145,1
DA:155,1
DA:157,1
DA:158,1
DA:159,1
DA:174,2
DA:175,2
DA:181,2
DA:182,5
DA:193,5
DA:195,2
DA:196,0
DA:200,9
DA:229,9
DA:230,18
DA:241,18
DA:243,9
DA:248,1
LF:53
LH:49
BRDA:6,0,0,1
BRDA:6,0,1,3
BRDA:25,1,0,3
BRDA:25,1,1,1
BRDA:25,2,0,1
BRDA:25,2,1,2
BRDA:46,3,0,1
BRDA:46,3,1,1
BRDA:73,4,0,6
BRDA:73,4,1,2
BRDA:73,5,0,8
BRDA:73,5,1,5
BRDA:81,6,0,2
BRDA:81,6,1,0
BRDA:227,7,0,9
BRDA:227,7,1,3
BRDA:227,8,0,3
BRDA:227,8,1,6
BRF:18
BRH:17
end_of_record
TN:
SF:src\BLL\UserBusiness.js
FN:4,(anonymous_0)
FN:6,(anonymous_1)
FN:8,(anonymous_2)
FN:14,(anonymous_3)
FN:16,(anonymous_4)
FN:18,(anonymous_5)
FN:20,(anonymous_6)
FN:29,(anonymous_7)
FNF:8
FNH:8
FNDA:1,(anonymous_0)
FNDA:1,(anonymous_1)
FNDA:2,(anonymous_2)
FNDA:2,(anonymous_3)
FNDA:2,(anonymous_4)
FNDA:2,(anonymous_5)
FNDA:2,(anonymous_6)
FNDA:2,(anonymous_7)
DA:1,4
DA:3,4
DA:5,1
DA:6,1
DA:9,2
DA:14,2
DA:17,2
DA:18,2
DA:21,2
DA:29,2
DA:33,4
LF:11
LH:11
BRDA:14,0,0,1
BRDA:14,0,1,1
BRDA:18,1,0,1
BRDA:18,1,1,1
BRDA:29,2,0,2
BRDA:29,2,1,0
BRF:6
BRH:5
end_of_record
TN:
SF:src\BLL\index.js
FNF:0
FNH:0
DA:1,4
DA:2,4
DA:3,4
DA:5,4
LF:4
LH:4
BRF:0
BRH:0
end_of_record
TN:
SF:src\BLL\Models\Brand.js
FN:3,(anonymous_0)
FN:9,(anonymous_1)
FN:11,(anonymous_2)
FN:13,(anonymous_3)
FN:15,(anonymous_4)
FN:17,(anonymous_5)
FN:19,(anonymous_6)
FNF:7
FNH:0
FNDA:0,(anonymous_0)
FNDA:0,(anonymous_1)
FNDA:0,(anonymous_2)
FNDA:0,(anonymous_3)
FNDA:0,(anonymous_4)
FNDA:0,(anonymous_5)
FNDA:0,(anonymous_6)
DA:4,0
DA:5,0
DA:6,0
DA:9,0
DA:11,0
DA:13,0
DA:15,0
DA:17,0
DA:19,0
DA:22,3
LF:10
LH:1
BRF:0
BRH:0
end_of_record
TN:
SF:src\BLL\Models\Category.js
FN:3,(anonymous_0)
FN:10,(anonymous_1)
FN:12,(anonymous_2)
FN:14,(anonymous_3)
FN:16,(anonymous_4)
FN:18,(anonymous_5)
FN:20,(anonymous_6)
FN:22,(anonymous_7)
FN:24,(anonymous_8)
FNF:9
FNH:0
FNDA:0,(anonymous_0)
FNDA:0,(anonymous_1)
FNDA:0,(anonymous_2)
FNDA:0,(anonymous_3)
FNDA:0,(anonymous_4)
FNDA:0,(anonymous_5)
FNDA:0,(anonymous_6)
FNDA:0,(anonymous_7)
FNDA:0,(anonymous_8)
DA:4,0
DA:5,0
DA:6,0
DA:7,0
DA:10,0
DA:12,0
DA:14,0
DA:16,0
DA:18,0
DA:20,0
DA:22,0
DA:24,0
DA:27,3
LF:13
LH:1
BRDA:6,0,0,0
BRDA:6,0,1,0
BRF:2
BRH:0
end_of_record
TN:
SF:src\BLL\Models\Order.js
FN:3,(anonymous_0)
FN:16,(anonymous_1)
FN:18,(anonymous_2)
FN:20,(anonymous_3)
FN:22,(anonymous_4)
FN:24,(anonymous_5)
FN:26,(anonymous_6)
FN:28,(anonymous_7)
FN:30,(anonymous_8)
FN:32,(anonymous_9)
FN:36,(anonymous_10)
FN:38,(anonymous_11)
FN:40,(anonymous_12)
FN:42,(anonymous_13)
FN:44,(anonymous_14)
FN:46,(anonymous_15)
FN:48,(anonymous_16)
FN:50,(anonymous_17)
FN:52,(anonymous_18)
FN:54,(anonymous_19)
FN:56,(anonymous_20)
FN:58,(anonymous_21)
FN:60,(anonymous_22)
FNF:23
FNH:0
FNDA:0,(anonymous_0)
FNDA:0,(anonymous_1)
FNDA:0,(anonymous_2)
FNDA:0,(anonymous_3)
FNDA:0,(anonymous_4)
FNDA:0,(anonymous_5)
FNDA:0,(anonymous_6)
FNDA:0,(anonymous_7)
FNDA:0,(anonymous_8)
FNDA:0,(anonymous_9)
FNDA:0,(anonymous_10)
FNDA:0,(anonymous_11)
FNDA:0,(anonymous_12)
FNDA:0,(anonymous_13)
FNDA:0,(anonymous_14)
FNDA:0,(anonymous_15)
FNDA:0,(anonymous_16)
FNDA:0,(anonymous_17)
FNDA:0,(anonymous_18)
FNDA:0,(anonymous_19)
FNDA:0,(anonymous_20)
FNDA:0,(anonymous_21)
FNDA:0,(anonymous_22)
DA:4,0
DA:5,0
DA:6,0
DA:7,0
DA:8,0
DA:9,0
DA:10,0
DA:11,0
DA:12,0
DA:13,0
DA:16,0
DA:18,0
DA:20,0
DA:22,0
DA:24,0
DA:26,0
DA:28,0
DA:30,0
DA:33,0
DA:36,0
DA:38,0
DA:40,0
DA:42,0
DA:44,0
DA:46,0
DA:48,0
DA:50,0
DA:52,0
DA:54,0
DA:56,0
DA:58,0
DA:60,0
DA:63,3
LF:33
LH:1
BRDA:6,0,0,0
BRDA:6,0,1,0
BRDA:8,1,0,0
BRDA:8,1,1,0
BRDA:9,2,0,0
BRDA:9,2,1,0
BRDA:10,3,0,0
BRDA:10,3,1,0
BRF:8
BRH:0
end_of_record
TN:
SF:src\BLL\Models\OrderDetail.js
FN:3,(anonymous_0)
FN:14,(anonymous_1)
FN:16,(anonymous_2)
FN:18,(anonymous_3)
FN:20,(anonymous_4)
FN:22,(anonymous_5)
FN:24,(anonymous_6)
FN:26,(anonymous_7)
FN:28,(anonymous_8)
FN:30,(anonymous_9)
FN:32,(anonymous_10)
FN:34,(anonymous_11)
FN:36,(anonymous_12)
FN:38,(anonymous_13)
FN:40,(anonymous_14)
FN:42,(anonymous_15)
FN:46,(anonymous_16)
FNF:17
FNH:0
FNDA:0,(anonymous_0)
FNDA:0,(anonymous_1)
FNDA:0,(anonymous_2)
FNDA:0,(anonymous_3)
FNDA:0,(anonymous_4)
FNDA:0,(anonymous_5)
FNDA:0,(anonymous_6)
FNDA:0,(anonymous_7)
FNDA:0,(anonymous_8)
FNDA:0,(anonymous_9)
FNDA:0,(anonymous_10)
FNDA:0,(anonymous_11)
FNDA:0,(anonymous_12)
FNDA:0,(anonymous_13)
FNDA:0,(anonymous_14)
FNDA:0,(anonymous_15)
FNDA:0,(anonymous_16)
DA:4,0
DA:5,0
DA:6,0
DA:7,0
DA:8,0
DA:9,0
DA:10,0
DA:11,0
DA:14,0
DA:16,0
DA:18,0
DA:20,0
DA:22,0
DA:24,0
DA:26,0
DA:28,0
DA:30,0
DA:32,0
DA:34,0
DA:36,0
DA:38,0
DA:40,0
DA:43,0
DA:46,0
DA:49,3
LF:25
LH:1
BRDA:7,0,0,0
BRDA:7,0,1,0
BRDA:11,1,0,0
BRDA:11,1,1,0
BRF:4
BRH:0
end_of_record
TN:
SF:src\BLL\Models\Product.js
FN:3,(anonymous_0)
FN:17,(anonymous_1)
FN:19,(anonymous_2)
FN:21,(anonymous_3)
FN:23,(anonymous_4)
FN:25,(anonymous_5)
FN:27,(anonymous_6)
FN:29,(anonymous_7)
FN:31,(anonymous_8)
FN:33,(anonymous_9)
FN:35,(anonymous_10)
FN:37,(anonymous_11)
FN:39,(anonymous_12)
FN:41,(anonymous_13)
FN:43,(anonymous_14)
FN:45,(anonymous_15)
FN:47,(anonymous_16)
FN:49,(anonymous_17)
FN:51,(anonymous_18)
FNF:19
FNH:0
FNDA:0,(anonymous_0)
FNDA:0,(anonymous_1)
FNDA:0,(anonymous_2)
FNDA:0,(anonymous_3)
FNDA:0,(anonymous_4)
FNDA:0,(anonymous_5)
FNDA:0,(anonymous_6)
FNDA:0,(anonymous_7)
FNDA:0,(anonymous_8)
FNDA:0,(anonymous_9)
FNDA:0,(anonymous_10)
FNDA:0,(anonymous_11)
FNDA:0,(anonymous_12)
FNDA:0,(anonymous_13)
FNDA:0,(anonymous_14)
FNDA:0,(anonymous_15)
FNDA:0,(anonymous_16)
FNDA:0,(anonymous_17)
FNDA:0,(anonymous_18)
DA:4,0
DA:5,0
DA:6,0
DA:7,0
DA:8,0
DA:9,0
DA:10,0
DA:11,0
DA:12,0
DA:13,0
DA:17,0
DA:19,0
DA:21,0
DA:23,0
DA:25,0
DA:27,0
DA:29,0
DA:31,0
DA:33,0
DA:35,0
DA:37,0
DA:39,0
DA:41,0
DA:43,0
DA:45,0
DA:47,0
DA:49,0
DA:51,0
DA:54,3
LF:29
LH:1
BRDA:8,0,0,0
BRDA:8,0,1,0
BRDA:9,1,0,0
BRDA:9,1,1,0
BRDA:12,2,0,0
BRDA:12,2,1,0
BRF:6
BRH:0
end_of_record
TN:
SF:src\BLL\Models\ProductDetail.js
FN:3,(anonymous_0)
FN:9,(anonymous_1)
FN:11,(anonymous_2)
FN:13,(anonymous_3)
FN:15,(anonymous_4)
FN:17,(anonymous_5)
FN:19,(anonymous_6)
FN:21,(anonymous_7)
FN:23,(anonymous_8)
FNF:9
FNH:0
FNDA:0,(anonymous_0)
FNDA:0,(anonymous_1)
FNDA:0,(anonymous_2)
FNDA:0,(anonymous_3)
FNDA:0,(anonymous_4)
FNDA:0,(anonymous_5)
FNDA:0,(anonymous_6)
FNDA:0,(anonymous_7)
FNDA:0,(anonymous_8)
DA:4,0
DA:5,0
DA:6,0
DA:9,0
DA:11,0
DA:13,0
DA:15,0
DA:17,0
DA:19,0
DA:21,0
DA:23,0
DA:26,0
LF:12
LH:0
BRF:0
BRH:0
end_of_record
TN:
SF:src\BLL\Models\index.js
FNF:0
FNH:0
DA:1,3
DA:2,3
DA:3,3
DA:4,3
DA:5,3
DA:7,3
LF:6
LH:6
BRF:0
BRH:0
end_of_record
TN:
SF:src\Configuration\auth.js
FN:1,(anonymous_0)
FN:2,(anonymous_1)
FN:3,(anonymous_2)
FNF:3
FNH:0
FNDA:0,(anonymous_0)
FNDA:0,(anonymous_1)
FNDA:0,(anonymous_2)
DA:1,0
DA:2,0
DA:3,0
DA:4,0
DA:5,0
DA:11,0
DA:14,0
LF:7
LH:0
BRDA:4,0,0,0
BRDA:4,0,1,0
BRF:2
BRH:0
end_of_record
TN:
SF:src\Configuration\middlewares.js
FN:21,(anonymous_0)
FNF:1
FNH:0
FNDA:0,(anonymous_0)
DA:1,0
DA:2,0
DA:3,0
DA:4,0
DA:5,0
DA:6,0
DA:7,0
DA:9,0
DA:10,0
DA:12,0
DA:21,0
DA:22,0
DA:23,0
DA:24,0
DA:26,0
DA:27,0
DA:28,0
DA:29,0
DA:30,0
DA:31,0
LF:20
LH:0
BRF:0
BRH:0
end_of_record
TN:
SF:src\Configuration\passport-config.js
FN:9,(anonymous_0)
FN:17,(anonymous_1)
FN:22,(anonymous_2)
FN:25,(anonymous_3)
FN:28,(anonymous_4)
FN:29,(anonymous_5)
FN:35,(anonymous_6)
FN:41,(anonymous_7)
FN:42,(anonymous_8)
FN:42,(anonymous_9)
FN:49,(anonymous_10)
FN:50,(anonymous_11)
FN:50,(anonymous_12)
FNF:13
FNH:0
FNDA:0,(anonymous_0)
FNDA:0,(anonymous_1)
FNDA:0,(anonymous_2)
FNDA:0,(anonymous_3)
FNDA:0,(anonymous_4)
FNDA:0,(anonymous_5)
FNDA:0,(anonymous_6)
FNDA:0,(anonymous_7)
FNDA:0,(anonymous_8)
FNDA:0,(anonymous_9)
FNDA:0,(anonymous_10)
FNDA:0,(anonymous_11)
FNDA:0,(anonymous_12)
DA:1,0
DA:2,0
DA:4,0
DA:5,0
DA:6,0
DA:7,0
DA:9,0
DA:10,0
DA:11,0
DA:12,0
DA:14,0
DA:17,0
DA:18,0
DA:24,0
DA:26,0
DA:27,0
DA:28,0
DA:30,0
DA:31,0
DA:34,0
DA:35,0
DA:37,0
DA:41,0
DA:42,0
DA:43,0
DA:49,0
DA:50,0
LF:27
LH:0
BRDA:11,0,0,0
BRDA:11,0,1,0
BRDA:11,1,0,0
BRDA:11,1,1,0
BRDA:30,2,0,0
BRDA:30,2,1,0
BRDA:30,3,0,0
BRDA:30,3,1,0
BRF:8
BRH:0
end_of_record
TN:
SF:src\Configuration\routes.js
FN:4,(anonymous_0)
FNF:1
FNH:0
FNDA:0,(anonymous_0)
DA:2,0
DA:4,0
DA:5,0
DA:7,0
DA:8,0
DA:10,0
DA:12,0
DA:17,0
DA:18,0
DA:20,0
DA:23,0
DA:26,0
DA:28,0
LF:13
LH:0
BRF:0
BRH:0
end_of_record
TN:
SF:src\Configuration\view-helpers.js
FN:2,compareHelper
FN:9,(anonymous_1)
FN:10,(anonymous_2)
FN:12,(anonymous_3)
FN:13,(anonymous_4)
FN:14,(anonymous_5)
FN:15,(anonymous_6)
FN:16,(anonymous_7)
FN:18,(anonymous_8)
FN:31,Times
FNF:10
FNH:0
FNDA:0,compareHelper
FNDA:0,(anonymous_1)
FNDA:0,(anonymous_2)
FNDA:0,(anonymous_3)
FNDA:0,(anonymous_4)
FNDA:0,(anonymous_5)
FNDA:0,(anonymous_6)
FNDA:0,(anonymous_7)
FNDA:0,(anonymous_8)
FNDA:0,Times
DA:3,0
DA:5,0
DA:7,0
DA:9,0
DA:10,0
DA:12,0
DA:13,0
DA:14,0
DA:15,0
DA:16,0
DA:18,0
DA:21,0
DA:23,0
DA:25,0
DA:26,0
DA:28,0
DA:32,0
DA:33,0
DA:34,0
DA:35,0
DA:36,0
DA:37,0
DA:38,0
DA:40,0
DA:43,0
LF:25
LH:0
BRDA:3,0,0,0
BRDA:3,0,1,0
BRDA:5,1,0,0
BRDA:5,1,1,0
BRDA:21,2,0,0
BRDA:21,2,1,0
BRDA:25,3,0,0
BRDA:25,3,1,0
BRF:8
BRH:0
end_of_record
TN:
SF:src\Controllers\Controllers.js
FNF:0
FNH:0
DA:1,0
DA:2,0
DA:3,0
DA:4,0
DA:6,0
LF:5
LH:0
BRF:0
BRH:0
end_of_record
TN:
SF:src\Controllers\HomeController.js
FN:4,(anonymous_0)
FN:6,(anonymous_1)
FNF:2
FNH:2
FNDA:1,(anonymous_0)
FNDA:1,(anonymous_1)
DA:1,1
DA:3,1
DA:5,1
DA:7,1
DA:15,1
LF:5
LH:5
BRF:0
BRH:0
end_of_record
TN:
SF:src\Controllers\OrderController.js
FN:6,(anonymous_0)
FN:11,(anonymous_1)
FN:21,(anonymous_2)
FN:28,(anonymous_3)
FN:33,(anonymous_4)
FN:41,(anonymous_5)
FN:51,(anonymous_6)
FN:66,(anonymous_7)
FNF:8
FNH:7
FNDA:3,(anonymous_0)
FNDA:1,(anonymous_1)
FNDA:2,(anonymous_2)
FNDA:4,(anonymous_3)
FNDA:2,(anonymous_4)
FNDA:4,(anonymous_5)
FNDA:3,(anonymous_6)
FNDA:0,(anonymous_7)
DA:1,1
DA:2,1
DA:3,1
DA:5,1
DA:7,3
DA:8,1
DA:9,1
DA:10,1
DA:11,1
DA:12,1
DA:20,2
DA:22,2
DA:29,4
DA:30,4
DA:31,4
DA:32,2
DA:34,2
DA:35,1
DA:37,1
DA:39,2
DA:41,4
DA:42,4
DA:43,1
DA:50,3
DA:52,3
DA:67,0
DA:77,1
LF:27
LH:26
BRDA:7,0,0,1
BRDA:7,0,1,2
BRDA:7,1,0,3
BRDA:7,1,1,2
BRDA:31,2,0,2
BRDA:31,2,1,2
BRDA:31,3,0,4
BRDA:31,3,1,3
BRDA:34,4,0,1
BRDA:34,4,1,1
BRDA:34,5,0,2
BRDA:34,5,1,2
BRDA:42,6,0,1
BRDA:42,6,1,3
BRF:14
BRH:14
end_of_record
TN:
SF:src\Controllers\ProductController.js
FN:5,(anonymous_0)
FN:22,(anonymous_1)
FN:38,(anonymous_2)
FN:44,(anonymous_3)
FN:52,(anonymous_4)
FN:59,(anonymous_5)
FN:63,(anonymous_6)
FN:65,(anonymous_7)
FNF:8
FNH:8
FNDA:8,(anonymous_0)
FNDA:8,(anonymous_1)
FNDA:3,(anonymous_2)
FNDA:2,(anonymous_3)
FNDA:3,(anonymous_4)
FNDA:4,(anonymous_5)
FNDA:2,(anonymous_6)
FNDA:6,(anonymous_7)
DA:2,1
DA:4,1
DA:6,8
DA:7,8
DA:8,8
DA:9,8
DA:10,8
DA:12,8
DA:13,4
DA:14,4
DA:15,4
DA:16,4
DA:17,4
DA:18,4
DA:19,4
DA:22,8
DA:23,8
DA:24,8
DA:25,8
DA:39,3
DA:40,2
DA:41,2
DA:43,2
DA:45,2
DA:46,2
DA:49,2
DA:50,2
DA:51,2
DA:52,3
DA:53,1
DA:54,1
DA:55,6
DA:56,6
DA:59,4
DA:60,1
DA:61,1
DA:63,2
DA:64,2
DA:65,6
DA:66,1
DA:70,1
DA:73,1
DA:78,2
DA:88,1
DA:92,1
LF:45
LH:45
BRDA:6,0,0,4
BRDA:6,0,1,4
BRDA:7,1,0,4
BRDA:7,1,1,4
BRDA:12,2,0,4
BRDA:12,2,1,4
BRDA:17,3,0,4
BRDA:17,3,1,0
BRDA:24,4,0,7
BRDA:24,4,1,1
BRDA:39,5,0,2
BRDA:39,5,1,1
BRDA:51,6,0,1
BRDA:51,6,1,1
BRDA:56,7,0,2
BRDA:56,7,1,4
BRDA:64,8,0,1
BRDA:64,8,1,1
BRDA:65,9,0,1
BRDA:65,9,1,0
BRF:20
BRH:18
end_of_record
TN:
SF:src\Controllers\UserController.js
FN:8,(anonymous_0)
FN:10,(anonymous_1)
FN:23,(anonymous_2)
FN:42,(anonymous_3)
FN:47,(anonymous_4)
FN:52,(anonymous_5)
FN:58,(anonymous_6)
FN:60,(anonymous_7)
FN:81,(anonymous_8)
FN:87,(anonymous_9)
FN:92,(anonymous_10)
FN:108,(anonymous_11)
FN:110,(anonymous_12)
FNF:13
FNH:13
FNDA:2,(anonymous_0)
FNDA:2,(anonymous_1)
FNDA:3,(anonymous_2)
FNDA:2,(anonymous_3)
FNDA:1,(anonymous_4)
FNDA:1,(anonymous_5)
FNDA:2,(anonymous_6)
FNDA:2,(anonymous_7)
FNDA:1,(anonymous_8)
FNDA:3,(anonymous_9)
FNDA:1,(anonymous_10)
FNDA:2,(anonymous_11)
FNDA:2,(anonymous_12)
DA:1,1
DA:2,1
DA:3,1
DA:4,1
DA:5,1
DA:7,1
DA:9,2
DA:11,2
DA:12,1
DA:16,1
DA:24,3
DA:32,3
DA:33,3
DA:34,3
DA:35,1
DA:40,2
DA:41,2
DA:43,2
DA:44,2
DA:46,2
DA:48,1
DA:53,1
DA:60,2
DA:61,2
DA:62,1
DA:67,1
DA:70,1
DA:71,1
DA:73,1
DA:78,1
DA:82,1
DA:83,1
DA:85,1
DA:88,3
DA:89,1
DA:90,1
DA:91,1
DA:93,1
DA:98,1
DA:104,2
DA:110,2
DA:111,2
DA:112,1
DA:117,1
DA:120,1
DA:121,1
DA:123,1
DA:128,1
DA:133,1
LF:49
LH:49
BRDA:11,0,0,1
BRDA:11,0,1,1
BRDA:29,1,0,2
BRDA:29,1,1,1
BRDA:34,2,0,1
BRDA:34,2,1,2
BRDA:61,3,0,1
BRDA:61,3,1,1
BRDA:61,4,0,2
BRDA:61,4,1,1
BRDA:82,5,0,1
BRDA:82,5,1,0
BRDA:88,6,0,1
BRDA:88,6,1,2
BRDA:88,7,0,3
BRDA:88,7,1,2
BRDA:111,8,0,1
BRDA:111,8,1,1
BRDA:111,9,0,2
BRDA:111,9,1,1
BRF:20
BRH:19
end_of_record
TN:
SF:src\DAL\Db.config.js
FNF:0
FNH:0
DA:1,7
LF:1
LH:1
BRF:0
BRH:0
end_of_record
TN:
SF:src\DAL\Models\Brand.js
FN:1,(anonymous_0)
FN:30,(anonymous_1)
FNF:2
FNH:2
FNDA:7,(anonymous_0)
FNDA:7,(anonymous_1)
DA:1,7
DA:2,7
DA:22,7
DA:29,7
DA:30,7
DA:31,7
DA:33,7
LF:7
LH:7
BRF:0
BRH:0
end_of_record
TN:
SF:src\DAL\Models\Category.js
FN:1,(anonymous_0)
FN:39,(anonymous_1)
FNF:2
FNH:2
FNDA:7,(anonymous_0)
FNDA:7,(anonymous_1)
DA:1,7
DA:2,7
DA:31,7
DA:38,7
DA:39,7
DA:40,7
DA:42,7
LF:7
LH:7
BRF:0
BRH:0
end_of_record
TN:
SF:src\DAL\Models\Colour.js
FN:1,(anonymous_0)
FNF:1
FNH:0
FNDA:0,(anonymous_0)
DA:1,0
DA:2,0
DA:22,0
DA:29,0
DA:30,0
LF:5
LH:0
BRF:0
BRH:0
end_of_record
TN:
SF:src\DAL\Models\Order.js
FN:1,(anonymous_0)
FNF:1
FNH:1
FNDA:7,(anonymous_0)
DA:1,7
DA:2,7
DA:76,7
DA:83,7
DA:84,7
LF:5
LH:5
BRF:0
BRH:0
end_of_record
TN:
SF:src\DAL\Models\OrderDetail.js
FN:1,(anonymous_0)
FNF:1
FNH:1
FNDA:7,(anonymous_0)
DA:1,7
DA:2,7
DA:49,7
DA:56,7
DA:57,7
LF:5
LH:5
BRF:0
BRH:0
end_of_record
TN:
SF:src\DAL\Models\Product.js
FN:1,(anonymous_0)
FN:103,(anonymous_1)
FNF:2
FNH:2
FNDA:7,(anonymous_0)
FNDA:7,(anonymous_1)
DA:1,7
DA:2,7
DA:84,7
DA:102,7
DA:103,7
DA:104,7
DA:105,7
DA:107,7
LF:8
LH:8
BRF:0
BRH:0
end_of_record
TN:
SF:src\DAL\Models\ProductDetail.js
FN:1,(anonymous_0)
FN:84,(anonymous_1)
FNF:2
FNH:2
FNDA:7,(anonymous_0)
FNDA:7,(anonymous_1)
DA:1,7
DA:2,7
DA:61,7
DA:83,7
DA:84,7
DA:85,7
DA:87,7
LF:7
LH:7
BRF:0
BRH:0
end_of_record
TN:
SF:src\DAL\Models\Size.js
FN:1,(anonymous_0)
FN:30,(anonymous_1)
FNF:2
FNH:2
FNDA:7,(anonymous_0)
FNDA:7,(anonymous_1)
DA:1,7
DA:2,7
DA:22,7
DA:29,7
DA:30,7
DA:31,7
DA:33,7
LF:7
LH:7
BRF:0
BRH:0
end_of_record
TN:
SF:src\DAL\Models\User.js
FN:1,(anonymous_0)
FNF:1
FNH:1
FNDA:7,(anonymous_0)
DA:1,7
DA:2,7
DA:95,7
DA:102,7
DA:103,7
LF:5
LH:5
BRF:0
BRH:0
end_of_record
TN:
SF:src\DAL\Models\index.js
FNF:0
FNH:0
DA:1,7
DA:2,7
DA:4,7
DA:17,7
DA:19,7
DA:20,7
DA:22,7
DA:23,7
DA:24,7
DA:25,7
DA:26,7
DA:27,7
DA:28,7
DA:29,7
DA:31,7
DA:32,7
DA:33,7
DA:34,7
DA:35,7
DA:37,7
LF:20
LH:20
BRF:0
BRH:0
end_of_record
TN:
SF:src\ViewModels\Address.js
FNF:0
FNH:0
DA:1,1
DA:5,1
LF:2
LH:2
BRF:0
BRH:0
end_of_record
TN:
SF:src\ViewModels\Brand.js
FNF:0
FNH:0
DA:1,1
DA:20,1
LF:2
LH:2
BRF:0
BRH:0
end_of_record
TN:
SF:src\ViewModels\Category.js
FNF:0
FNH:0
DA:1,1
DA:58,1
LF:2
LH:2
BRF:0
BRH:0
end_of_record
TN:
SF:src\ViewModels\Colour.js
FNF:0
FNH:0
DA:1,1
DA:24,1
LF:2
LH:2
BRF:0
BRH:0
end_of_record
TN:
SF:src\ViewModels\Order.js
FNF:0
FNH:0
DA:1,1
DA:20,1
DA:173,1
LF:3
LH:3
BRF:0
BRH:0
end_of_record
TN:
SF:src\ViewModels\Product.js
FNF:0
FNH:0
DA:1,1
DA:49,1
LF:2
LH:2
BRF:0
BRH:0
end_of_record
TN:
SF:src\ViewModels\ViewModels.js
FNF:0
FNH:0
DA:1,1
DA:2,1
DA:3,1
DA:4,1
DA:5,1
DA:6,1
DA:8,1
LF:7
LH:7
BRF:0
BRH:0
end_of_record
TN:
SF:src\public\js\custom.js
FN:1,(anonymous_0)
FN:2,(anonymous_1)
FN:11,(anonymous_2)
FN:16,(anonymous_3)
FNF:4
FNH:0
FNDA:0,(anonymous_0)
FNDA:0,(anonymous_1)
FNDA:0,(anonymous_2)
FNDA:0,(anonymous_3)
DA:1,0
DA:2,0
DA:3,0
DA:12,0
DA:13,0
DA:17,0
DA:19,0
LF:7
LH:0
BRDA:12,0,0,0
BRDA:12,0,1,0
BRDA:17,1,0,0
BRDA:17,1,1,0
BRF:4
BRH:0
end_of_record
TN:
SF:src\public\js\front.js
FN:1,(anonymous_0)
FN:73,(anonymous_1)
FN:95,(anonymous_2)
FN:99,(anonymous_3)
FN:100,(anonymous_4)
FN:142,utils
FN:147,(anonymous_6)
FN:153,(anonymous_7)
FN:159,(anonymous_8)
FN:166,(anonymous_9)
FN:177,scrollTo
FN:193,(anonymous_11)
FN:194,(anonymous_12)
FN:203,(anonymous_13)
FN:217,(anonymous_14)
FNF:15
FNH:0
FNDA:0,(anonymous_0)
FNDA:0,(anonymous_1)
FNDA:0,(anonymous_2)
FNDA:0,(anonymous_3)
FNDA:0,(anonymous_4)
FNDA:0,utils
FNDA:0,(anonymous_6)
FNDA:0,(anonymous_7)
FNDA:0,(anonymous_8)
FNDA:0,(anonymous_9)
FNDA:0,scrollTo
FNDA:0,(anonymous_11)
FNDA:0,(anonymous_12)
FNDA:0,(anonymous_13)
FNDA:0,(anonymous_14)
DA:1,0
DA:3,0
DA:14,0
DA:24,0
DA:34,0
DA:59,0
DA:65,0
DA:66,0
DA:67,0
DA:69,0
DA:70,0
DA:73,0
DA:75,0
DA:77,0
DA:79,0
DA:81,0
DA:88,0
DA:95,0
DA:96,0
DA:99,0
DA:100,0
DA:101,0
DA:147,0
DA:148,0
DA:149,0
DA:153,0
DA:155,0
DA:159,0
DA:161,0
DA:162,0
DA:166,0
DA:168,0
DA:169,0
DA:170,0
DA:172,0
DA:173,0
DA:178,0
DA:179,0
DA:180,0
DA:181,0
DA:182,0
DA:183,0
DA:186,0
DA:193,0
DA:194,0
DA:196,0
DA:198,0
DA:200,0
DA:202,0
DA:203,0
DA:204,0
DA:205,0
DA:209,0
DA:212,0
DA:213,0
DA:215,0
DA:217,0
DA:218,0
DA:219,0
DA:223,0
LF:60
LH:0
BRDA:69,0,0,0
BRDA:69,0,1,0
BRDA:75,1,0,0
BRDA:75,1,1,0
BRDA:170,2,0,0
BRDA:170,2,1,0
BRDA:182,3,0,0
BRDA:182,3,1,0
BRDA:202,4,0,0
BRDA:202,4,1,0
BRDA:204,5,0,0
BRDA:204,5,1,0
BRDA:218,6,0,0
BRDA:218,6,1,0
BRF:14
BRH:0
end_of_record
TN:
SF:src\public\js\map.js
FN:1,(anonymous_0)
FN:42,(anonymous_1)
FNF:2
FNH:0
FNDA:0,(anonymous_0)
FNDA:0,(anonymous_1)
DA:1,0
DA:3,0
DA:4,0
DA:5,0
DA:7,0
DA:9,0
DA:16,0
DA:17,0
DA:19,0
DA:20,0
DA:21,0
DA:24,0
DA:32,0
DA:40,0
DA:42,0
DA:43,0
DA:46,0
DA:47,0
DA:51,0
LF:19
LH:0
BRDA:7,0,0,0
BRDA:7,0,1,0
BRDA:19,1,0,0
BRDA:19,1,1,0
BRDA:46,2,0,0
BRDA:46,2,1,0
BRF:6
BRH:0
end_of_record
